<?xml version="1.0" encoding="UTF-8"?>
<testng-results ignored="0" total="2" passed="2" failed="0" skipped="0">
  <reporter-output>
  </reporter-output>
  <suite started-at="2021-04-08T09:00:08 IST" name="Suite" finished-at="2021-04-08T09:00:25 IST" duration-ms="17443">
    <groups>
    </groups>
    <test started-at="2021-04-08T09:00:08 IST" name="Test" finished-at="2021-04-08T09:00:25 IST" duration-ms="17443">
      <class name="com.SampleProject.AppBasicContactFormTestCase">
        <test-method is-config="true" signature="setupsuite()[pri:0, instance:com.SampleProject.AppBasicContactFormTestCase@3e6ef8ad]" started-at="2021-04-08T09:00:08 IST" name="setupsuite" finished-at="2021-04-08T09:00:08 IST" duration-ms="18" status="PASS">
          <reporter-output>
          </reporter-output>
        </test-method> <!-- setupsuite -->
        <test-method signature="verifybasicontactlink()[pri:0, instance:com.SampleProject.AppBasicContactFormTestCase@3e6ef8ad]" started-at="2021-04-08T09:00:08 IST" name="verifybasicontactlink" finished-at="2021-04-08T09:00:16 IST" duration-ms="8520" status="PASS">
          <reporter-output>
          </reporter-output>
        </test-method> <!-- verifybasicontactlink -->
        <test-method signature="verifycontact()[pri:0, instance:com.SampleProject.AppBasicContactFormTestCase@3e6ef8ad]" started-at="2021-04-08T09:00:16 IST" name="verifycontact" finished-at="2021-04-08T09:00:25 IST" duration-ms="8859" status="PASS">
          <reporter-output>
          </reporter-output>
        </test-method> <!-- verifycontact -->
      </class> <!-- com.SampleProject.AppBasicContactFormTestCase -->
    </test> <!-- Test -->
  </suite> <!-- Suite -->
</testng-results>
