<?xml version="1.0" encoding="UTF-8"?>
<testng-results ignored="0" total="1" passed="1" failed="0" skipped="0">
  <reporter-output>
  </reporter-output>
  <suite started-at="2021-03-18T17:46:43 IST" name="Default suite" finished-at="2021-03-18T17:46:51 IST" duration-ms="7834">
    <groups>
    </groups>
    <test started-at="2021-03-18T17:46:43 IST" name="Default test" finished-at="2021-03-18T17:46:51 IST" duration-ms="7834">
      <class name="com.SampleProject.AppLoginTest">
        <test-method is-config="true" signature="setupsuite()[pri:0, instance:com.SampleProject.AppLoginTest@e1de817]" started-at="2021-03-18T17:46:43 IST" name="setupsuite" finished-at="2021-03-18T17:46:43 IST" duration-ms="16" status="PASS">
          <reporter-output>
          </reporter-output>
        </test-method> <!-- setupsuite -->
        <test-method signature="verifyLogin()[pri:0, instance:com.SampleProject.AppLoginTest@e1de817]" started-at="2021-03-18T17:46:43 IST" name="verifyLogin" finished-at="2021-03-18T17:46:50 IST" duration-ms="7785" status="PASS">
          <reporter-output>
          </reporter-output>
        </test-method> <!-- verifyLogin -->
      </class> <!-- com.SampleProject.AppLoginTest -->
    </test> <!-- Default test -->
  </suite> <!-- Default suite -->
</testng-results>
