<?xml version="1.0" encoding="UTF-8"?>
<!-- Generated by org.testng.reporters.JUnitXMLReporter -->
<testsuite ignored="0" hostname="LAPTOP-6OACLVLF" failures="1" tests="1" name="Default test" time="8.043" errors="0" timestamp="2021-04-08T08:47:27 IST">
  <testcase classname="com.SampleProject.AppBasicContactFormTestCase" name="@AfterTest closeBrowser" time="0.015">
    <failure type="java.lang.StackOverflowError">
      <![CDATA[java.lang.StackOverflowError
at com.SampleProject.AppBasicContactFormTestCase.closeBrowser(AppBasicContactFormTestCase.java:28)
at com.SampleProject.AppBasicContactFormTestCase.closeBrowser(AppBasicContactFormTestCase.java:28)
at com.SampleProject.AppBasicContactFormTestCase.closeBrowser(AppBasicContactFormTestCase.java:28)
at com.SampleProject.AppBasicContactFormTestCase.closeBrowser(AppBasicContactFormTestCase.java:28)
at com.SampleProject.AppBasicContactFormTestCase.closeBrowser(AppBasicContactFormTestCase.java:28)
at com.SampleProject.AppBasicContactFormTestCase.closeBrowser(AppBasicContactFormTestCase.java:28)
at com.SampleProject.AppBasicContactFormTestCase.closeBrowser(AppBasicContactFormTestCase.java:28)
at com.SampleProject.AppBasicContactFormTestCase.closeBrowser(AppBasicContactFormTestCase.java:28)
at com.SampleProject.AppBasicContactFormTestCase.closeBrowser(AppBasicContactFormTestCase.java:28)
at com.SampleProject.AppBasicContactFormTestCase.closeBrowser(AppBasicContactFormTestCase.java:28)
at com.SampleProject.AppBasicContactFormTestCase.closeBrowser(AppBasicContactFormTestCase.java:28)
at com.SampleProject.AppBasicContactFormTestCase.closeBrowser(AppBasicContactFormTestCase.java:28)
at com.SampleProject.AppBasicContactFormTestCase.closeBrowser(AppBasicContactFormTestCase.java:28)
at com.SampleProject.AppBasicContactFormTestCase.closeBrowser(AppBasicContactFormTestCase.java:28)
at com.SampleProject.AppBasicContactFormTestCase.closeBrowser(AppBasicContactFormTestCase.java:28)
at com.SampleProject.AppBasicContactFormTestCase.closeBrowser(AppBasicContactFormTestCase.java:28)
at com.SampleProject.AppBasicContactFormTestCase.closeBrowser(AppBasicContactFormTestCase.java:28)
at com.SampleProject.AppBasicContactFormTestCase.closeBrowser(AppBasicContactFormTestCase.java:28)
at com.SampleProject.AppBasicContactFormTestCase.closeBrowser(AppBasicContactFormTestCase.java:28)
at com.SampleProject.AppBasicContactFormTestCase.closeBrowser(AppBasicContactFormTestCase.java:28)
at com.SampleProject.AppBasicContactFormTestCase.closeBrowser(AppBasicContactFormTestCase.java:28)
at com.SampleProject.AppBasicContactFormTestCase.closeBrowser(AppBasicContactFormTestCase.java:28)
at com.SampleProject.AppBasicContactFormTestCase.closeBrowser(AppBasicContactFormTestCase.java:28)
at com.SampleProject.AppBasicContactFormTestCase.closeBrowser(AppBasicContactFormTestCase.java:28)
at com.SampleProject.AppBasicContactFormTestCase.closeBrowser(AppBasicContactFormTestCase.java:28)
at com.SampleProject.AppBasicContactFormTestCase.closeBrowser(AppBasicContactFormTestCase.java:28)
at com.SampleProject.AppBasicContactFormTestCase.closeBrowser(AppBasicContactFormTestCase.java:28)
at com.SampleProject.AppBasicContactFormTestCase.closeBrowser(AppBasicContactFormTestCase.java:28)
at com.SampleProject.AppBasicContactFormTestCase.closeBrowser(AppBasicContactFormTestCase.java:28)
at com.SampleProject.AppBasicContactFormTestCase.closeBrowser(AppBasicContactFormTestCase.java:28)
at com.SampleProject.AppBasicContactFormTestCase.closeBrowser(AppBasicContactFormTestCase.java:28)
at com.SampleProject.AppBasicContactFormTestCase.closeBrowser(AppBasicContactFormTestCase.java:28)
at com.SampleProject.AppBasicContactFormTestCase.closeBrowser(AppBasicContactFormTestCase.java:28)
at com.SampleProject.AppBasicContactFormTestCase.closeBrowser(AppBasicContactFormTestCase.java:28)
at com.SampleProject.AppBasicContactFormTestCase.closeBrowser(AppBasicContactFormTestCase.java:28)
at com.SampleProject.AppBasicContactFormTestCase.closeBrowser(AppBasicContactFormTestCase.java:28)
at com.SampleProject.AppBasicContactFormTestCase.closeBrowser(AppBasicContactFormTestCase.java:28)
at com.SampleProject.AppBasicContactFormTestCase.closeBrowser(AppBasicContactFormTestCase.java:28)
at com.SampleProject.AppBasicContactFormTestCase.closeBrowser(AppBasicContactFormTestCase.java:28)
at com.SampleProject.AppBasicContactFormTestCase.closeBrowser(AppBasicContactFormTestCase.java:28)
at com.SampleProject.AppBasicContactFormTestCase.closeBrowser(AppBasicContactFormTestCase.java:28)
at com.SampleProject.AppBasicContactFormTestCase.closeBrowser(AppBasicContactFormTestCase.java:28)
at com.SampleProject.AppBasicContactFormTestCase.closeBrowser(AppBasicContactFormTestCase.java:28)
at com.SampleProject.AppBasicContactFormTestCase.closeBrowser(AppBasicContactFormTestCase.java:28)
at com.SampleProject.AppBasicContactFormTestCase.closeBrowser(AppBasicContactFormTestCase.java:28)
at com.SampleProject.AppBasicContactFormTestCase.closeBrowser(AppBasicContactFormTestCase.java:28)
at com.SampleProject.AppBasicContactFormTestCase.closeBrowser(AppBasicContactFormTestCase.java:28)
at com.SampleProject.AppBasicContactFormTestCase.closeBrowser(AppBasicContactFormTestCase.java:28)
at com.SampleProject.AppBasicContactFormTestCase.closeBrowser(AppBasicContactFormTestCase.java:28)
at com.SampleProject.AppBasicContactFormTestCase.closeBrowser(AppBasicContactFormTestCase.java:28)
at com.SampleProject.AppBasicContactFormTestCase.closeBrowser(AppBasicContactFormTestCase.java:28)
at com.SampleProject.AppBasicContactFormTestCase.closeBrowser(AppBasicContactFormTestCase.java:28)
at com.SampleProject.AppBasicContactFormTestCase.closeBrowser(AppBasicContactFormTestCase.java:28)
at com.SampleProject.AppBasicContactFormTestCase.closeBrowser(AppBasicContactFormTestCase.java:28)
at com.SampleProject.AppBasicContactFormTestCase.closeBrowser(AppBasicContactFormTestCase.java:28)
at com.SampleProject.AppBasicContactFormTestCase.closeBrowser(AppBasicContactFormTestCase.java:28)
at com.SampleProject.AppBasicContactFormTestCase.closeBrowser(AppBasicContactFormTestCase.java:28)
at com.SampleProject.AppBasicContactFormTestCase.closeBrowser(AppBasicContactFormTestCase.java:28)
at com.SampleProject.AppBasicContactFormTestCase.closeBrowser(AppBasicContactFormTestCase.java:28)
at com.SampleProject.AppBasicContactFormTestCase.closeBrowser(AppBasicContactFormTestCase.java:28)
at com.SampleProject.AppBasicContactFormTestCase.closeBrowser(AppBasicContactFormTestCase.java:28)
at com.SampleProject.AppBasicContactFormTestCase.closeBrowser(AppBasicContactFormTestCase.java:28)
at com.SampleProject.AppBasicContactFormTestCase.closeBrowser(AppBasicContactFormTestCase.java:28)
at com.SampleProject.AppBasicContactFormTestCase.closeBrowser(AppBasicContactFormTestCase.java:28)
at com.SampleProject.AppBasicContactFormTestCase.closeBrowser(AppBasicContactFormTestCase.java:28)
at com.SampleProject.AppBasicContactFormTestCase.closeBrowser(AppBasicContactFormTestCase.java:28)
at com.SampleProject.AppBasicContactFormTestCase.closeBrowser(AppBasicContactFormTestCase.java:28)
at com.SampleProject.AppBasicContactFormTestCase.closeBrowser(AppBasicContactFormTestCase.java:28)
at com.SampleProject.AppBasicContactFormTestCase.closeBrowser(AppBasicContactFormTestCase.java:28)
at com.SampleProject.AppBasicContactFormTestCase.closeBrowser(AppBasicContactFormTestCase.java:28)
at com.SampleProject.AppBasicContactFormTestCase.closeBrowser(AppBasicContactFormTestCase.java:28)
at com.SampleProject.AppBasicContactFormTestCase.closeBrowser(AppBasicContactFormTestCase.java:28)
at com.SampleProject.AppBasicContactFormTestCase.closeBrowser(AppBasicContactFormTestCase.java:28)
at com.SampleProject.AppBasicContactFormTestCase.closeBrowser(AppBasicContactFormTestCase.java:28)
at com.SampleProject.AppBasicContactFormTestCase.closeBrowser(AppBasicContactFormTestCase.java:28)
at com.SampleProject.AppBasicContactFormTestCase.closeBrowser(AppBasicContactFormTestCase.java:28)
at com.SampleProject.AppBasicContactFormTestCase.closeBrowser(AppBasicContactFormTestCase.java:28)
at com.SampleProject.AppBasicContactFormTestCase.closeBrowser(AppBasicContactFormTestCase.java:28)
at com.SampleProject.AppBasicContactFormTestCase.closeBrowser(AppBasicContactFormTestCase.java:28)
at com.SampleProject.AppBasicContactFormTestCase.closeBrowser(AppBasicContactFormTestCase.java:28)
at com.SampleProject.AppBasicContactFormTestCase.closeBrowser(AppBasicContactFormTestCase.java:28)
at com.SampleProject.AppBasicContactFormTestCase.closeBrowser(AppBasicContactFormTestCase.java:28)
at com.SampleProject.AppBasicContactFormTestCase.closeBrowser(AppBasicContactFormTestCase.java:28)
at com.SampleProject.AppBasicContactFormTestCase.closeBrowser(AppBasicContactFormTestCase.java:28)
at com.SampleProject.AppBasicContactFormTestCase.closeBrowser(AppBasicContactFormTestCase.java:28)
at com.SampleProject.AppBasicContactFormTestCase.closeBrowser(AppBasicContactFormTestCase.java:28)
at com.SampleProject.AppBasicContactFormTestCase.closeBrowser(AppBasicContactFormTestCase.java:28)
at com.SampleProject.AppBasicContactFormTestCase.closeBrowser(AppBasicContactFormTestCase.java:28)
at com.SampleProject.AppBasicContactFormTestCase.closeBrowser(AppBasicContactFormTestCase.java:28)
at com.SampleProject.AppBasicContactFormTestCase.closeBrowser(AppBasicContactFormTestCase.java:28)
at com.SampleProject.AppBasicContactFormTestCase.closeBrowser(AppBasicContactFormTestCase.java:28)
at com.SampleProject.AppBasicContactFormTestCase.closeBrowser(AppBasicContactFormTestCase.java:28)
at com.SampleProject.AppBasicContactFormTestCase.closeBrowser(AppBasicContactFormTestCase.java:28)
at com.SampleProject.AppBasicContactFormTestCase.closeBrowser(AppBasicContactFormTestCase.java:28)
at com.SampleProject.AppBasicContactFormTestCase.closeBrowser(AppBasicContactFormTestCase.java:28)
at com.SampleProject.AppBasicContactFormTestCase.closeBrowser(AppBasicContactFormTestCase.java:28)
at com.SampleProject.AppBasicContactFormTestCase.closeBrowser(AppBasicContactFormTestCase.java:28)
at com.SampleProject.AppBasicContactFormTestCase.closeBrowser(AppBasicContactFormTestCase.java:28)
at com.SampleProject.AppBasicContactFormTestCase.closeBrowser(AppBasicContactFormTestCase.java:28)
at com.SampleProject.AppBasicContactFormTestCase.closeBrowser(AppBasicContactFormTestCase.java:28)
at com.SampleProject.AppBasicContactFormTestCase.closeBrowser(AppBasicContactFormTestCase.java:28)
at com.SampleProject.AppBasicContactFormTestCase.closeBrowser(AppBasicContactFormTestCase.java:28)
at com.SampleProject.AppBasicContactFormTestCase.closeBrowser(AppBasicContactFormTestCase.java:28)
at com.SampleProject.AppBasicContactFormTestCase.closeBrowser(AppBasicContactFormTestCase.java:28)
at com.SampleProject.AppBasicContactFormTestCase.closeBrowser(AppBasicContactFormTestCase.java:28)
at com.SampleProject.AppBasicContactFormTestCase.closeBrowser(AppBasicContactFormTestCase.java:28)
at com.SampleProject.AppBasicContactFormTestCase.closeBrowser(AppBasicContactFormTestCase.java:28)
at com.SampleProject.AppBasicContactFormTestCase.closeBrowser(AppBasicContactFormTestCase.java:28)
at com.SampleProject.AppBasicContactFormTestCase.closeBrowser(AppBasicContactFormTestCase.java:28)
at com.SampleProject.AppBasicContactFormTestCase.closeBrowser(AppBasicContactFormTestCase.java:28)
at com.SampleProject.AppBasicContactFormTestCase.closeBrowser(AppBasicContactFormTestCase.java:28)
at com.SampleProject.AppBasicContactFormTestCase.closeBrowser(AppBasicContactFormTestCase.java:28)
at com.SampleProject.AppBasicContactFormTestCase.closeBrowser(AppBasicContactFormTestCase.java:28)
at com.SampleProject.AppBasicContactFormTestCase.closeBrowser(AppBasicContactFormTestCase.java:28)
at com.SampleProject.AppBasicContactFormTestCase.closeBrowser(AppBasicContactFormTestCase.java:28)
at com.SampleProject.AppBasicContactFormTestCase.closeBrowser(AppBasicContactFormTestCase.java:28)
at com.SampleProject.AppBasicContactFormTestCase.closeBrowser(AppBasicContactFormTestCase.java:28)
at com.SampleProject.AppBasicContactFormTestCase.closeBrowser(AppBasicContactFormTestCase.java:28)
at com.SampleProject.AppBasicContactFormTestCase.closeBrowser(AppBasicContactFormTestCase.java:28)
at com.SampleProject.AppBasicContactFormTestCase.closeBrowser(AppBasicContactFormTestCase.java:28)
at com.SampleProject.AppBasicContactFormTestCase.closeBrowser(AppBasicContactFormTestCase.java:28)
at com.SampleProject.AppBasicContactFormTestCase.closeBrowser(AppBasicContactFormTestCase.java:28)
at com.SampleProject.AppBasicContactFormTestCase.closeBrowser(AppBasicContactFormTestCase.java:28)
at com.SampleProject.AppBasicContactFormTestCase.closeBrowser(AppBasicContactFormTestCase.java:28)
at com.SampleProject.AppBasicContactFormTestCase.closeBrowser(AppBasicContactFormTestCase.java:28)
at com.SampleProject.AppBasicContactFormTestCase.closeBrowser(AppBasicContactFormTestCase.java:28)
at com.SampleProject.AppBasicContactFormTestCase.closeBrowser(AppBasicContactFormTestCase.java:28)
at com.SampleProject.AppBasicContactFormTestCase.closeBrowser(AppBasicContactFormTestCase.java:28)
at com.SampleProject.AppBasicContactFormTestCase.closeBrowser(AppBasicContactFormTestCase.java:28)
at com.SampleProject.AppBasicContactFormTestCase.closeBrowser(AppBasicContactFormTestCase.java:28)
at com.SampleProject.AppBasicContactFormTestCase.closeBrowser(AppBasicContactFormTestCase.java:28)
at com.SampleProject.AppBasicContactFormTestCase.closeBrowser(AppBasicContactFormTestCase.java:28)
at com.SampleProject.AppBasicContactFormTestCase.closeBrowser(AppBasicContactFormTestCase.java:28)
at com.SampleProject.AppBasicContactFormTestCase.closeBrowser(AppBasicContactFormTestCase.java:28)
at com.SampleProject.AppBasicContactFormTestCase.closeBrowser(AppBasicContactFormTestCase.java:28)
at com.SampleProject.AppBasicContactFormTestCase.closeBrowser(AppBasicContactFormTestCase.java:28)
at com.SampleProject.AppBasicContactFormTestCase.closeBrowser(AppBasicContactFormTestCase.java:28)
at com.SampleProject.AppBasicContactFormTestCase.closeBrowser(AppBasicContactFormTestCase.java:28)
at com.SampleProject.AppBasicContactFormTestCase.closeBrowser(AppBasicContactFormTestCase.java:28)
at com.SampleProject.AppBasicContactFormTestCase.closeBrowser(AppBasicContactFormTestCase.java:28)
at com.SampleProject.AppBasicContactFormTestCase.closeBrowser(AppBasicContactFormTestCase.java:28)
at com.SampleProject.AppBasicContactFormTestCase.closeBrowser(AppBasicContactFormTestCase.java:28)
at com.SampleProject.AppBasicContactFormTestCase.closeBrowser(AppBasicContactFormTestCase.java:28)
at com.SampleProject.AppBasicContactFormTestCase.closeBrowser(AppBasicContactFormTestCase.java:28)
at com.SampleProject.AppBasicContactFormTestCase.closeBrowser(AppBasicContactFormTestCase.java:28)
at com.SampleProject.AppBasicContactFormTestCase.closeBrowser(AppBasicContactFormTestCase.java:28)
at com.SampleProject.AppBasicContactFormTestCase.closeBrowser(AppBasicContactFormTestCase.java:28)
at com.SampleProject.AppBasicContactFormTestCase.closeBrowser(AppBasicContactFormTestCase.java:28)
at com.SampleProject.AppBasicContactFormTestCase.closeBrowser(AppBasicContactFormTestCase.java:28)
at com.SampleProject.AppBasicContactFormTestCase.closeBrowser(AppBasicContactFormTestCase.java:28)
at com.SampleProject.AppBasicContactFormTestCase.closeBrowser(AppBasicContactFormTestCase.java:28)
at com.SampleProject.AppBasicContactFormTestCase.closeBrowser(AppBasicContactFormTestCase.java:28)
at com.SampleProject.AppBasicContactFormTestCase.closeBrowser(AppBasicContactFormTestCase.java:28)
at com.SampleProject.AppBasicContactFormTestCase.closeBrowser(AppBasicContactFormTestCase.java:28)
at com.SampleProject.AppBasicContactFormTestCase.closeBrowser(AppBasicContactFormTestCase.java:28)
at com.SampleProject.AppBasicContactFormTestCase.closeBrowser(AppBasicContactFormTestCase.java:28)
at com.SampleProject.AppBasicContactFormTestCase.closeBrowser(AppBasicContactFormTestCase.java:28)
at com.SampleProject.AppBasicContactFormTestCase.closeBrowser(AppBasicContactFormTestCase.java:28)
at com.SampleProject.AppBasicContactFormTestCase.closeBrowser(AppBasicContactFormTestCase.java:28)
at com.SampleProject.AppBasicContactFormTestCase.closeBrowser(AppBasicContactFormTestCase.java:28)
at com.SampleProject.AppBasicContactFormTestCase.closeBrowser(AppBasicContactFormTestCase.java:28)
at com.SampleProject.AppBasicContactFormTestCase.closeBrowser(AppBasicContactFormTestCase.java:28)
at com.SampleProject.AppBasicContactFormTestCase.closeBrowser(AppBasicContactFormTestCase.java:28)
at com.SampleProject.AppBasicContactFormTestCase.closeBrowser(AppBasicContactFormTestCase.java:28)
at com.SampleProject.AppBasicContactFormTestCase.closeBrowser(AppBasicContactFormTestCase.java:28)
at com.SampleProject.AppBasicContactFormTestCase.closeBrowser(AppBasicContactFormTestCase.java:28)
at com.SampleProject.AppBasicContactFormTestCase.closeBrowser(AppBasicContactFormTestCase.java:28)
at com.SampleProject.AppBasicContactFormTestCase.closeBrowser(AppBasicContactFormTestCase.java:28)
at com.SampleProject.AppBasicContactFormTestCase.closeBrowser(AppBasicContactFormTestCase.java:28)
at com.SampleProject.AppBasicContactFormTestCase.closeBrowser(AppBasicContactFormTestCase.java:28)
at com.SampleProject.AppBasicContactFormTestCase.closeBrowser(AppBasicContactFormTestCase.java:28)
at com.SampleProject.AppBasicContactFormTestCase.closeBrowser(AppBasicContactFormTestCase.java:28)
at com.SampleProject.AppBasicContactFormTestCase.closeBrowser(AppBasicContactFormTestCase.java:28)
at com.SampleProject.AppBasicContactFormTestCase.closeBrowser(AppBasicContactFormTestCase.java:28)
at com.SampleProject.AppBasicContactFormTestCase.closeBrowser(AppBasicContactFormTestCase.java:28)
at com.SampleProject.AppBasicContactFormTestCase.closeBrowser(AppBasicContactFormTestCase.java:28)
at com.SampleProject.AppBasicContactFormTestCase.closeBrowser(AppBasicContactFormTestCase.java:28)
at com.SampleProject.AppBasicContactFormTestCase.closeBrowser(AppBasicContactFormTestCase.java:28)
at com.SampleProject.AppBasicContactFormTestCase.closeBrowser(AppBasicContactFormTestCase.java:28)
at com.SampleProject.AppBasicContactFormTestCase.closeBrowser(AppBasicContactFormTestCase.java:28)
at com.SampleProject.AppBasicContactFormTestCase.closeBrowser(AppBasicContactFormTestCase.java:28)
at com.SampleProject.AppBasicContactFormTestCase.closeBrowser(AppBasicContactFormTestCase.java:28)
at com.SampleProject.AppBasicContactFormTestCase.closeBrowser(AppBasicContactFormTestCase.java:28)
at com.SampleProject.AppBasicContactFormTestCase.closeBrowser(AppBasicContactFormTestCase.java:28)
at com.SampleProject.AppBasicContactFormTestCase.closeBrowser(AppBasicContactFormTestCase.java:28)
at com.SampleProject.AppBasicContactFormTestCase.closeBrowser(AppBasicContactFormTestCase.java:28)
at com.SampleProject.AppBasicContactFormTestCase.closeBrowser(AppBasicContactFormTestCase.java:28)
at com.SampleProject.AppBasicContactFormTestCase.closeBrowser(AppBasicContactFormTestCase.java:28)
at com.SampleProject.AppBasicContactFormTestCase.closeBrowser(AppBasicContactFormTestCase.java:28)
at com.SampleProject.AppBasicContactFormTestCase.closeBrowser(AppBasicContactFormTestCase.java:28)
at com.SampleProject.AppBasicContactFormTestCase.closeBrowser(AppBasicContactFormTestCase.java:28)
at com.SampleProject.AppBasicContactFormTestCase.closeBrowser(AppBasicContactFormTestCase.java:28)
at com.SampleProject.AppBasicContactFormTestCase.closeBrowser(AppBasicContactFormTestCase.java:28)
at com.SampleProject.AppBasicContactFormTestCase.closeBrowser(AppBasicContactFormTestCase.java:28)
at com.SampleProject.AppBasicContactFormTestCase.closeBrowser(AppBasicContactFormTestCase.java:28)
at com.SampleProject.AppBasicContactFormTestCase.closeBrowser(AppBasicContactFormTestCase.java:28)
at com.SampleProject.AppBasicContactFormTestCase.closeBrowser(AppBasicContactFormTestCase.java:28)
at com.SampleProject.AppBasicContactFormTestCase.closeBrowser(AppBasicContactFormTestCase.java:28)
at com.SampleProject.AppBasicContactFormTestCase.closeBrowser(AppBasicContactFormTestCase.java:28)
at com.SampleProject.AppBasicContactFormTestCase.closeBrowser(AppBasicContactFormTestCase.java:28)
at com.SampleProject.AppBasicContactFormTestCase.closeBrowser(AppBasicContactFormTestCase.java:28)
at com.SampleProject.AppBasicContactFormTestCase.closeBrowser(AppBasicContactFormTestCase.java:28)
at com.SampleProject.AppBasicContactFormTestCase.closeBrowser(AppBasicContactFormTestCase.java:28)
at com.SampleProject.AppBasicContactFormTestCase.closeBrowser(AppBasicContactFormTestCase.java:28)
at com.SampleProject.AppBasicContactFormTestCase.closeBrowser(AppBasicContactFormTestCase.java:28)
at com.SampleProject.AppBasicContactFormTestCase.closeBrowser(AppBasicContactFormTestCase.java:28)
at com.SampleProject.AppBasicContactFormTestCase.closeBrowser(AppBasicContactFormTestCase.java:28)
at com.SampleProject.AppBasicContactFormTestCase.closeBrowser(AppBasicContactFormTestCase.java:28)
at com.SampleProject.AppBasicContactFormTestCase.closeBrowser(AppBasicContactFormTestCase.java:28)
at com.SampleProject.AppBasicContactFormTestCase.closeBrowser(AppBasicContactFormTestCase.java:28)
at com.SampleProject.AppBasicContactFormTestCase.closeBrowser(AppBasicContactFormTestCase.java:28)
at com.SampleProject.AppBasicContactFormTestCase.closeBrowser(AppBasicContactFormTestCase.java:28)
at com.SampleProject.AppBasicContactFormTestCase.closeBrowser(AppBasicContactFormTestCase.java:28)
at com.SampleProject.AppBasicContactFormTestCase.closeBrowser(AppBasicContactFormTestCase.java:28)
at com.SampleProject.AppBasicContactFormTestCase.closeBrowser(AppBasicContactFormTestCase.java:28)
at com.SampleProject.AppBasicContactFormTestCase.closeBrowser(AppBasicContactFormTestCase.java:28)
at com.SampleProject.AppBasicContactFormTestCase.closeBrowser(AppBasicContactFormTestCase.java:28)
at com.SampleProject.AppBasicContactFormTestCase.closeBrowser(AppBasicContactFormTestCase.java:28)
at com.SampleProject.AppBasicContactFormTestCase.closeBrowser(AppBasicContactFormTestCase.java:28)
at com.SampleProject.AppBasicContactFormTestCase.closeBrowser(AppBasicContactFormTestCase.java:28)
at com.SampleProject.AppBasicContactFormTestCase.closeBrowser(AppBasicContactFormTestCase.java:28)
at com.SampleProject.AppBasicContactFormTestCase.closeBrowser(AppBasicContactFormTestCase.java:28)
at com.SampleProject.AppBasicContactFormTestCase.closeBrowser(AppBasicContactFormTestCase.java:28)
at com.SampleProject.AppBasicContactFormTestCase.closeBrowser(AppBasicContactFormTestCase.java:28)
at com.SampleProject.AppBasicContactFormTestCase.closeBrowser(AppBasicContactFormTestCase.java:28)
at com.SampleProject.AppBasicContactFormTestCase.closeBrowser(AppBasicContactFormTestCase.java:28)
at com.SampleProject.AppBasicContactFormTestCase.closeBrowser(AppBasicContactFormTestCase.java:28)
at com.SampleProject.AppBasicContactFormTestCase.closeBrowser(AppBasicContactFormTestCase.java:28)
at com.SampleProject.AppBasicContactFormTestCase.closeBrowser(AppBasicContactFormTestCase.java:28)
at com.SampleProject.AppBasicContactFormTestCase.closeBrowser(AppBasicContactFormTestCase.java:28)
at com.SampleProject.AppBasicContactFormTestCase.closeBrowser(AppBasicContactFormTestCase.java:28)
at com.SampleProject.AppBasicContactFormTestCase.closeBrowser(AppBasicContactFormTestCase.java:28)
at com.SampleProject.AppBasicContactFormTestCase.closeBrowser(AppBasicContactFormTestCase.java:28)
at com.SampleProject.AppBasicContactFormTestCase.closeBrowser(AppBasicContactFormTestCase.java:28)
at com.SampleProject.AppBasicContactFormTestCase.closeBrowser(AppBasicContactFormTestCase.java:28)
at com.SampleProject.AppBasicContactFormTestCase.closeBrowser(AppBasicContactFormTestCase.java:28)
at com.SampleProject.AppBasicContactFormTestCase.closeBrowser(AppBasicContactFormTestCase.java:28)
at com.SampleProject.AppBasicContactFormTestCase.closeBrowser(AppBasicContactFormTestCase.java:28)
at com.SampleProject.AppBasicContactFormTestCase.closeBrowser(AppBasicContactFormTestCase.java:28)
at com.SampleProject.AppBasicContactFormTestCase.closeBrowser(AppBasicContactFormTestCase.java:28)
at com.SampleProject.AppBasicContactFormTestCase.closeBrowser(AppBasicContactFormTestCase.java:28)
at com.SampleProject.AppBasicContactFormTestCase.closeBrowser(AppBasicContactFormTestCase.java:28)
at com.SampleProject.AppBasicContactFormTestCase.closeBrowser(AppBasicContactFormTestCase.java:28)
at com.SampleProject.AppBasicContactFormTestCase.closeBrowser(AppBasicContactFormTestCase.java:28)
at com.SampleProject.AppBasicContactFormTestCase.closeBrowser(AppBasicContactFormTestCase.java:28)
at com.SampleProject.AppBasicContactFormTestCase.closeBrowser(AppBasicContactFormTestCase.java:28)
at com.SampleProject.AppBasicContactFormTestCase.closeBrowser(AppBasicContactFormTestCase.java:28)
at com.SampleProject.AppBasicContactFormTestCase.closeBrowser(AppBasicContactFormTestCase.java:28)
at com.SampleProject.AppBasicContactFormTestCase.closeBrowser(AppBasicContactFormTestCase.java:28)
at com.SampleProject.AppBasicContactFormTestCase.closeBrowser(AppBasicContactFormTestCase.java:28)
at com.SampleProject.AppBasicContactFormTestCase.closeBrowser(AppBasicContactFormTestCase.java:28)
at com.SampleProject.AppBasicContactFormTestCase.closeBrowser(AppBasicContactFormTestCase.java:28)
at com.SampleProject.AppBasicContactFormTestCase.closeBrowser(AppBasicContactFormTestCase.java:28)
at com.SampleProject.AppBasicContactFormTestCase.closeBrowser(AppBasicContactFormTestCase.java:28)
at com.SampleProject.AppBasicContactFormTestCase.closeBrowser(AppBasicContactFormTestCase.java:28)
at com.SampleProject.AppBasicContactFormTestCase.closeBrowser(AppBasicContactFormTestCase.java:28)
at com.SampleProject.AppBasicContactFormTestCase.closeBrowser(AppBasicContactFormTestCase.java:28)
at com.SampleProject.AppBasicContactFormTestCase.closeBrowser(AppBasicContactFormTestCase.java:28)
at com.SampleProject.AppBasicContactFormTestCase.closeBrowser(AppBasicContactFormTestCase.java:28)
at com.SampleProject.AppBasicContactFormTestCase.closeBrowser(AppBasicContactFormTestCase.java:28)
at com.SampleProject.AppBasicContactFormTestCase.closeBrowser(AppBasicContactFormTestCase.java:28)
at com.SampleProject.AppBasicContactFormTestCase.closeBrowser(AppBasicContactFormTestCase.java:28)
at com.SampleProject.AppBasicContactFormTestCase.closeBrowser(AppBasicContactFormTestCase.java:28)
at com.SampleProject.AppBasicContactFormTestCase.closeBrowser(AppBasicContactFormTestCase.java:28)
at com.SampleProject.AppBasicContactFormTestCase.closeBrowser(AppBasicContactFormTestCase.java:28)
at com.SampleProject.AppBasicContactFormTestCase.closeBrowser(AppBasicContactFormTestCase.java:28)
at com.SampleProject.AppBasicContactFormTestCase.closeBrowser(AppBasicContactFormTestCase.java:28)
at com.SampleProject.AppBasicContactFormTestCase.closeBrowser(AppBasicContactFormTestCase.java:28)
at com.SampleProject.AppBasicContactFormTestCase.closeBrowser(AppBasicContactFormTestCase.java:28)
at com.SampleProject.AppBasicContactFormTestCase.closeBrowser(AppBasicContactFormTestCase.java:28)
at com.SampleProject.AppBasicContactFormTestCase.closeBrowser(AppBasicContactFormTestCase.java:28)
at com.SampleProject.AppBasicContactFormTestCase.closeBrowser(AppBasicContactFormTestCase.java:28)
at com.SampleProject.AppBasicContactFormTestCase.closeBrowser(AppBasicContactFormTestCase.java:28)
at com.SampleProject.AppBasicContactFormTestCase.closeBrowser(AppBasicContactFormTestCase.java:28)
at com.SampleProject.AppBasicContactFormTestCase.closeBrowser(AppBasicContactFormTestCase.java:28)
at com.SampleProject.AppBasicContactFormTestCase.closeBrowser(AppBasicContactFormTestCase.java:28)
at com.SampleProject.AppBasicContactFormTestCase.closeBrowser(AppBasicContactFormTestCase.java:28)
at com.SampleProject.AppBasicContactFormTestCase.closeBrowser(AppBasicContactFormTestCase.java:28)
at com.SampleProject.AppBasicContactFormTestCase.closeBrowser(AppBasicContactFormTestCase.java:28)
at com.SampleProject.AppBasicContactFormTestCase.closeBrowser(AppBasicContactFormTestCase.java:28)
at com.SampleProject.AppBasicContactFormTestCase.closeBrowser(AppBasicContactFormTestCase.java:28)
at com.SampleProject.AppBasicContactFormTestCase.closeBrowser(AppBasicContactFormTestCase.java:28)
at com.SampleProject.AppBasicContactFormTestCase.closeBrowser(AppBasicContactFormTestCase.java:28)
at com.SampleProject.AppBasicContactFormTestCase.closeBrowser(AppBasicContactFormTestCase.java:28)
at com.SampleProject.AppBasicContactFormTestCase.closeBrowser(AppBasicContactFormTestCase.java:28)
at com.SampleProject.AppBasicContactFormTestCase.closeBrowser(AppBasicContactFormTestCase.java:28)
at com.SampleProject.AppBasicContactFormTestCase.closeBrowser(AppBasicContactFormTestCase.java:28)
at com.SampleProject.AppBasicContactFormTestCase.closeBrowser(AppBasicContactFormTestCase.java:28)
at com.SampleProject.AppBasicContactFormTestCase.closeBrowser(AppBasicContactFormTestCase.java:28)
at com.SampleProject.AppBasicContactFormTestCase.closeBrowser(AppBasicContactFormTestCase.java:28)
at com.SampleProject.AppBasicContactFormTestCase.closeBrowser(AppBasicContactFormTestCase.java:28)
at com.SampleProject.AppBasicContactFormTestCase.closeBrowser(AppBasicContactFormTestCase.java:28)
at com.SampleProject.AppBasicContactFormTestCase.closeBrowser(AppBasicContactFormTestCase.java:28)
at com.SampleProject.AppBasicContactFormTestCase.closeBrowser(AppBasicContactFormTestCase.java:28)
at com.SampleProject.AppBasicContactFormTestCase.closeBrowser(AppBasicContactFormTestCase.java:28)
at com.SampleProject.AppBasicContactFormTestCase.closeBrowser(AppBasicContactFormTestCase.java:28)
at com.SampleProject.AppBasicContactFormTestCase.closeBrowser(AppBasicContactFormTestCase.java:28)
at com.SampleProject.AppBasicContactFormTestCase.closeBrowser(AppBasicContactFormTestCase.java:28)
at com.SampleProject.AppBasicContactFormTestCase.closeBrowser(AppBasicContactFormTestCase.java:28)
at com.SampleProject.AppBasicContactFormTestCase.closeBrowser(AppBasicContactFormTestCase.java:28)
at com.SampleProject.AppBasicContactFormTestCase.closeBrowser(AppBasicContactFormTestCase.java:28)
at com.SampleProject.AppBasicContactFormTestCase.closeBrowser(AppBasicContactFormTestCase.java:28)
at com.SampleProject.AppBasicContactFormTestCase.closeBrowser(AppBasicContactFormTestCase.java:28)
at com.SampleProject.AppBasicContactFormTestCase.closeBrowser(AppBasicContactFormTestCase.java:28)
at com.SampleProject.AppBasicContactFormTestCase.closeBrowser(AppBasicContactFormTestCase.java:28)
at com.SampleProject.AppBasicContactFormTestCase.closeBrowser(AppBasicContactFormTestCase.java:28)
at com.SampleProject.AppBasicContactFormTestCase.closeBrowser(AppBasicContactFormTestCase.java:28)
at com.SampleProject.AppBasicContactFormTestCase.closeBrowser(AppBasicContactFormTestCase.java:28)
at com.SampleProject.AppBasicContactFormTestCase.closeBrowser(AppBasicContactFormTestCase.java:28)
at com.SampleProject.AppBasicContactFormTestCase.closeBrowser(AppBasicContactFormTestCase.java:28)
at com.SampleProject.AppBasicContactFormTestCase.closeBrowser(AppBasicContactFormTestCase.java:28)
at com.SampleProject.AppBasicContactFormTestCase.closeBrowser(AppBasicContactFormTestCase.java:28)
at com.SampleProject.AppBasicContactFormTestCase.closeBrowser(AppBasicContactFormTestCase.java:28)
at com.SampleProject.AppBasicContactFormTestCase.closeBrowser(AppBasicContactFormTestCase.java:28)
at com.SampleProject.AppBasicContactFormTestCase.closeBrowser(AppBasicContactFormTestCase.java:28)
at com.SampleProject.AppBasicContactFormTestCase.closeBrowser(AppBasicContactFormTestCase.java:28)
at com.SampleProject.AppBasicContactFormTestCase.closeBrowser(AppBasicContactFormTestCase.java:28)
at com.SampleProject.AppBasicContactFormTestCase.closeBrowser(AppBasicContactFormTestCase.java:28)
at com.SampleProject.AppBasicContactFormTestCase.closeBrowser(AppBasicContactFormTestCase.java:28)
at com.SampleProject.AppBasicContactFormTestCase.closeBrowser(AppBasicContactFormTestCase.java:28)
at com.SampleProject.AppBasicContactFormTestCase.closeBrowser(AppBasicContactFormTestCase.java:28)
at com.SampleProject.AppBasicContactFormTestCase.closeBrowser(AppBasicContactFormTestCase.java:28)
at com.SampleProject.AppBasicContactFormTestCase.closeBrowser(AppBasicContactFormTestCase.java:28)
at com.SampleProject.AppBasicContactFormTestCase.closeBrowser(AppBasicContactFormTestCase.java:28)
at com.SampleProject.AppBasicContactFormTestCase.closeBrowser(AppBasicContactFormTestCase.java:28)
at com.SampleProject.AppBasicContactFormTestCase.closeBrowser(AppBasicContactFormTestCase.java:28)
at com.SampleProject.AppBasicContactFormTestCase.closeBrowser(AppBasicContactFormTestCase.java:28)
at com.SampleProject.AppBasicContactFormTestCase.closeBrowser(AppBasicContactFormTestCase.java:28)
at com.SampleProject.AppBasicContactFormTestCase.closeBrowser(AppBasicContactFormTestCase.java:28)
at com.SampleProject.AppBasicContactFormTestCase.closeBrowser(AppBasicContactFormTestCase.java:28)
at com.SampleProject.AppBasicContactFormTestCase.closeBrowser(AppBasicContactFormTestCase.java:28)
at com.SampleProject.AppBasicContactFormTestCase.closeBrowser(AppBasicContactFormTestCase.java:28)
at com.SampleProject.AppBasicContactFormTestCase.closeBrowser(AppBasicContactFormTestCase.java:28)
at com.SampleProject.AppBasicContactFormTestCase.closeBrowser(AppBasicContactFormTestCase.java:28)
at com.SampleProject.AppBasicContactFormTestCase.closeBrowser(AppBasicContactFormTestCase.java:28)
at com.SampleProject.AppBasicContactFormTestCase.closeBrowser(AppBasicContactFormTestCase.java:28)
at com.SampleProject.AppBasicContactFormTestCase.closeBrowser(AppBasicContactFormTestCase.java:28)
at com.SampleProject.AppBasicContactFormTestCase.closeBrowser(AppBasicContactFormTestCase.java:28)
at com.SampleProject.AppBasicContactFormTestCase.closeBrowser(AppBasicContactFormTestCase.java:28)
at com.SampleProject.AppBasicContactFormTestCase.closeBrowser(AppBasicContactFormTestCase.java:28)
at com.SampleProject.AppBasicContactFormTestCase.closeBrowser(AppBasicContactFormTestCase.java:28)
at com.SampleProject.AppBasicContactFormTestCase.closeBrowser(AppBasicContactFormTestCase.java:28)
at com.SampleProject.AppBasicContactFormTestCase.closeBrowser(AppBasicContactFormTestCase.java:28)
at com.SampleProject.AppBasicContactFormTestCase.closeBrowser(AppBasicContactFormTestCase.java:28)
at com.SampleProject.AppBasicContactFormTestCase.closeBrowser(AppBasicContactFormTestCase.java:28)
at com.SampleProject.AppBasicContactFormTestCase.closeBrowser(AppBasicContactFormTestCase.java:28)
at com.SampleProject.AppBasicContactFormTestCase.closeBrowser(AppBasicContactFormTestCase.java:28)
at com.SampleProject.AppBasicContactFormTestCase.closeBrowser(AppBasicContactFormTestCase.java:28)
at com.SampleProject.AppBasicContactFormTestCase.closeBrowser(AppBasicContactFormTestCase.java:28)
at com.SampleProject.AppBasicContactFormTestCase.closeBrowser(AppBasicContactFormTestCase.java:28)
at com.SampleProject.AppBasicContactFormTestCase.closeBrowser(AppBasicContactFormTestCase.java:28)
at com.SampleProject.AppBasicContactFormTestCase.closeBrowser(AppBasicContactFormTestCase.java:28)
at com.SampleProject.AppBasicContactFormTestCase.closeBrowser(AppBasicContactFormTestCase.java:28)
at com.SampleProject.AppBasicContactFormTestCase.closeBrowser(AppBasicContactFormTestCase.java:28)
at com.SampleProject.AppBasicContactFormTestCase.closeBrowser(AppBasicContactFormTestCase.java:28)
at com.SampleProject.AppBasicContactFormTestCase.closeBrowser(AppBasicContactFormTestCase.java:28)
at com.SampleProject.AppBasicContactFormTestCase.closeBrowser(AppBasicContactFormTestCase.java:28)
at com.SampleProject.AppBasicContactFormTestCase.closeBrowser(AppBasicContactFormTestCase.java:28)
at com.SampleProject.AppBasicContactFormTestCase.closeBrowser(AppBasicContactFormTestCase.java:28)
at com.SampleProject.AppBasicContactFormTestCase.closeBrowser(AppBasicContactFormTestCase.java:28)
at com.SampleProject.AppBasicContactFormTestCase.closeBrowser(AppBasicContactFormTestCase.java:28)
at com.SampleProject.AppBasicContactFormTestCase.closeBrowser(AppBasicContactFormTestCase.java:28)
at com.SampleProject.AppBasicContactFormTestCase.closeBrowser(AppBasicContactFormTestCase.java:28)
at com.SampleProject.AppBasicContactFormTestCase.closeBrowser(AppBasicContactFormTestCase.java:28)
at com.SampleProject.AppBasicContactFormTestCase.closeBrowser(AppBasicContactFormTestCase.java:28)
at com.SampleProject.AppBasicContactFormTestCase.closeBrowser(AppBasicContactFormTestCase.java:28)
at com.SampleProject.AppBasicContactFormTestCase.closeBrowser(AppBasicContactFormTestCase.java:28)
at com.SampleProject.AppBasicContactFormTestCase.closeBrowser(AppBasicContactFormTestCase.java:28)
at com.SampleProject.AppBasicContactFormTestCase.closeBrowser(AppBasicContactFormTestCase.java:28)
at com.SampleProject.AppBasicContactFormTestCase.closeBrowser(AppBasicContactFormTestCase.java:28)
at com.SampleProject.AppBasicContactFormTestCase.closeBrowser(AppBasicContactFormTestCase.java:28)
at com.SampleProject.AppBasicContactFormTestCase.closeBrowser(AppBasicContactFormTestCase.java:28)
at com.SampleProject.AppBasicContactFormTestCase.closeBrowser(AppBasicContactFormTestCase.java:28)
at com.SampleProject.AppBasicContactFormTestCase.closeBrowser(AppBasicContactFormTestCase.java:28)
at com.SampleProject.AppBasicContactFormTestCase.closeBrowser(AppBasicContactFormTestCase.java:28)
at com.SampleProject.AppBasicContactFormTestCase.closeBrowser(AppBasicContactFormTestCase.java:28)
at com.SampleProject.AppBasicContactFormTestCase.closeBrowser(AppBasicContactFormTestCase.java:28)
at com.SampleProject.AppBasicContactFormTestCase.closeBrowser(AppBasicContactFormTestCase.java:28)
at com.SampleProject.AppBasicContactFormTestCase.closeBrowser(AppBasicContactFormTestCase.java:28)
at com.SampleProject.AppBasicContactFormTestCase.closeBrowser(AppBasicContactFormTestCase.java:28)
at com.SampleProject.AppBasicContactFormTestCase.closeBrowser(AppBasicContactFormTestCase.java:28)
at com.SampleProject.AppBasicContactFormTestCase.closeBrowser(AppBasicContactFormTestCase.java:28)
at com.SampleProject.AppBasicContactFormTestCase.closeBrowser(AppBasicContactFormTestCase.java:28)
at com.SampleProject.AppBasicContactFormTestCase.closeBrowser(AppBasicContactFormTestCase.java:28)
at com.SampleProject.AppBasicContactFormTestCase.closeBrowser(AppBasicContactFormTestCase.java:28)
at com.SampleProject.AppBasicContactFormTestCase.closeBrowser(AppBasicContactFormTestCase.java:28)
at com.SampleProject.AppBasicContactFormTestCase.closeBrowser(AppBasicContactFormTestCase.java:28)
at com.SampleProject.AppBasicContactFormTestCase.closeBrowser(AppBasicContactFormTestCase.java:28)
at com.SampleProject.AppBasicContactFormTestCase.closeBrowser(AppBasicContactFormTestCase.java:28)
at com.SampleProject.AppBasicContactFormTestCase.closeBrowser(AppBasicContactFormTestCase.java:28)
at com.SampleProject.AppBasicContactFormTestCase.closeBrowser(AppBasicContactFormTestCase.java:28)
at com.SampleProject.AppBasicContactFormTestCase.closeBrowser(AppBasicContactFormTestCase.java:28)
at com.SampleProject.AppBasicContactFormTestCase.closeBrowser(AppBasicContactFormTestCase.java:28)
at com.SampleProject.AppBasicContactFormTestCase.closeBrowser(AppBasicContactFormTestCase.java:28)
at com.SampleProject.AppBasicContactFormTestCase.closeBrowser(AppBasicContactFormTestCase.java:28)
at com.SampleProject.AppBasicContactFormTestCase.closeBrowser(AppBasicContactFormTestCase.java:28)
at com.SampleProject.AppBasicContactFormTestCase.closeBrowser(AppBasicContactFormTestCase.java:28)
at com.SampleProject.AppBasicContactFormTestCase.closeBrowser(AppBasicContactFormTestCase.java:28)
at com.SampleProject.AppBasicContactFormTestCase.closeBrowser(AppBasicContactFormTestCase.java:28)
at com.SampleProject.AppBasicContactFormTestCase.closeBrowser(AppBasicContactFormTestCase.java:28)
at com.SampleProject.AppBasicContactFormTestCase.closeBrowser(AppBasicContactFormTestCase.java:28)
at com.SampleProject.AppBasicContactFormTestCase.closeBrowser(AppBasicContactFormTestCase.java:28)
at com.SampleProject.AppBasicContactFormTestCase.closeBrowser(AppBasicContactFormTestCase.java:28)
at com.SampleProject.AppBasicContactFormTestCase.closeBrowser(AppBasicContactFormTestCase.java:28)
at com.SampleProject.AppBasicContactFormTestCase.closeBrowser(AppBasicContactFormTestCase.java:28)
at com.SampleProject.AppBasicContactFormTestCase.closeBrowser(AppBasicContactFormTestCase.java:28)
at com.SampleProject.AppBasicContactFormTestCase.closeBrowser(AppBasicContactFormTestCase.java:28)
at com.SampleProject.AppBasicContactFormTestCase.closeBrowser(AppBasicContactFormTestCase.java:28)
at com.SampleProject.AppBasicContactFormTestCase.closeBrowser(AppBasicContactFormTestCase.java:28)
at com.SampleProject.AppBasicContactFormTestCase.closeBrowser(AppBasicContactFormTestCase.java:28)
at com.SampleProject.AppBasicContactFormTestCase.closeBrowser(AppBasicContactFormTestCase.java:28)
at com.SampleProject.AppBasicContactFormTestCase.closeBrowser(AppBasicContactFormTestCase.java:28)
at com.SampleProject.AppBasicContactFormTestCase.closeBrowser(AppBasicContactFormTestCase.java:28)
at com.SampleProject.AppBasicContactFormTestCase.closeBrowser(AppBasicContactFormTestCase.java:28)
at com.SampleProject.AppBasicContactFormTestCase.closeBrowser(AppBasicContactFormTestCase.java:28)
at com.SampleProject.AppBasicContactFormTestCase.closeBrowser(AppBasicContactFormTestCase.java:28)
at com.SampleProject.AppBasicContactFormTestCase.closeBrowser(AppBasicContactFormTestCase.java:28)
at com.SampleProject.AppBasicContactFormTestCase.closeBrowser(AppBasicContactFormTestCase.java:28)
at com.SampleProject.AppBasicContactFormTestCase.closeBrowser(AppBasicContactFormTestCase.java:28)
at com.SampleProject.AppBasicContactFormTestCase.closeBrowser(AppBasicContactFormTestCase.java:28)
at com.SampleProject.AppBasicContactFormTestCase.closeBrowser(AppBasicContactFormTestCase.java:28)
at com.SampleProject.AppBasicContactFormTestCase.closeBrowser(AppBasicContactFormTestCase.java:28)
at com.SampleProject.AppBasicContactFormTestCase.closeBrowser(AppBasicContactFormTestCase.java:28)
at com.SampleProject.AppBasicContactFormTestCase.closeBrowser(AppBasicContactFormTestCase.java:28)
at com.SampleProject.AppBasicContactFormTestCase.closeBrowser(AppBasicContactFormTestCase.java:28)
at com.SampleProject.AppBasicContactFormTestCase.closeBrowser(AppBasicContactFormTestCase.java:28)
at com.SampleProject.AppBasicContactFormTestCase.closeBrowser(AppBasicContactFormTestCase.java:28)
at com.SampleProject.AppBasicContactFormTestCase.closeBrowser(AppBasicContactFormTestCase.java:28)
at com.SampleProject.AppBasicContactFormTestCase.closeBrowser(AppBasicContactFormTestCase.java:28)
at com.SampleProject.AppBasicContactFormTestCase.closeBrowser(AppBasicContactFormTestCase.java:28)
at com.SampleProject.AppBasicContactFormTestCase.closeBrowser(AppBasicContactFormTestCase.java:28)
at com.SampleProject.AppBasicContactFormTestCase.closeBrowser(AppBasicContactFormTestCase.java:28)
at com.SampleProject.AppBasicContactFormTestCase.closeBrowser(AppBasicContactFormTestCase.java:28)
at com.SampleProject.AppBasicContactFormTestCase.closeBrowser(AppBasicContactFormTestCase.java:28)
at com.SampleProject.AppBasicContactFormTestCase.closeBrowser(AppBasicContactFormTestCase.java:28)
at com.SampleProject.AppBasicContactFormTestCase.closeBrowser(AppBasicContactFormTestCase.java:28)
at com.SampleProject.AppBasicContactFormTestCase.closeBrowser(AppBasicContactFormTestCase.java:28)
at com.SampleProject.AppBasicContactFormTestCase.closeBrowser(AppBasicContactFormTestCase.java:28)
at com.SampleProject.AppBasicContactFormTestCase.closeBrowser(AppBasicContactFormTestCase.java:28)
at com.SampleProject.AppBasicContactFormTestCase.closeBrowser(AppBasicContactFormTestCase.java:28)
at com.SampleProject.AppBasicContactFormTestCase.closeBrowser(AppBasicContactFormTestCase.java:28)
at com.SampleProject.AppBasicContactFormTestCase.closeBrowser(AppBasicContactFormTestCase.java:28)
at com.SampleProject.AppBasicContactFormTestCase.closeBrowser(AppBasicContactFormTestCase.java:28)
at com.SampleProject.AppBasicContactFormTestCase.closeBrowser(AppBasicContactFormTestCase.java:28)
at com.SampleProject.AppBasicContactFormTestCase.closeBrowser(AppBasicContactFormTestCase.java:28)
at com.SampleProject.AppBasicContactFormTestCase.closeBrowser(AppBasicContactFormTestCase.java:28)
at com.SampleProject.AppBasicContactFormTestCase.closeBrowser(AppBasicContactFormTestCase.java:28)
at com.SampleProject.AppBasicContactFormTestCase.closeBrowser(AppBasicContactFormTestCase.java:28)
at com.SampleProject.AppBasicContactFormTestCase.closeBrowser(AppBasicContactFormTestCase.java:28)
at com.SampleProject.AppBasicContactFormTestCase.closeBrowser(AppBasicContactFormTestCase.java:28)
at com.SampleProject.AppBasicContactFormTestCase.closeBrowser(AppBasicContactFormTestCase.java:28)
at com.SampleProject.AppBasicContactFormTestCase.closeBrowser(AppBasicContactFormTestCase.java:28)
at com.SampleProject.AppBasicContactFormTestCase.closeBrowser(AppBasicContactFormTestCase.java:28)
at com.SampleProject.AppBasicContactFormTestCase.closeBrowser(AppBasicContactFormTestCase.java:28)
at com.SampleProject.AppBasicContactFormTestCase.closeBrowser(AppBasicContactFormTestCase.java:28)
at com.SampleProject.AppBasicContactFormTestCase.closeBrowser(AppBasicContactFormTestCase.java:28)
at com.SampleProject.AppBasicContactFormTestCase.closeBrowser(AppBasicContactFormTestCase.java:28)
at com.SampleProject.AppBasicContactFormTestCase.closeBrowser(AppBasicContactFormTestCase.java:28)
at com.SampleProject.AppBasicContactFormTestCase.closeBrowser(AppBasicContactFormTestCase.java:28)
at com.SampleProject.AppBasicContactFormTestCase.closeBrowser(AppBasicContactFormTestCase.java:28)
at com.SampleProject.AppBasicContactFormTestCase.closeBrowser(AppBasicContactFormTestCase.java:28)
at com.SampleProject.AppBasicContactFormTestCase.closeBrowser(AppBasicContactFormTestCase.java:28)
at com.SampleProject.AppBasicContactFormTestCase.closeBrowser(AppBasicContactFormTestCase.java:28)
at com.SampleProject.AppBasicContactFormTestCase.closeBrowser(AppBasicContactFormTestCase.java:28)
at com.SampleProject.AppBasicContactFormTestCase.closeBrowser(AppBasicContactFormTestCase.java:28)
at com.SampleProject.AppBasicContactFormTestCase.closeBrowser(AppBasicContactFormTestCase.java:28)
at com.SampleProject.AppBasicContactFormTestCase.closeBrowser(AppBasicContactFormTestCase.java:28)
at com.SampleProject.AppBasicContactFormTestCase.closeBrowser(AppBasicContactFormTestCase.java:28)
at com.SampleProject.AppBasicContactFormTestCase.closeBrowser(AppBasicContactFormTestCase.java:28)
at com.SampleProject.AppBasicContactFormTestCase.closeBrowser(AppBasicContactFormTestCase.java:28)
at com.SampleProject.AppBasicContactFormTestCase.closeBrowser(AppBasicContactFormTestCase.java:28)
at com.SampleProject.AppBasicContactFormTestCase.closeBrowser(AppBasicContactFormTestCase.java:28)
at com.SampleProject.AppBasicContactFormTestCase.closeBrowser(AppBasicContactFormTestCase.java:28)
at com.SampleProject.AppBasicContactFormTestCase.closeBrowser(AppBasicContactFormTestCase.java:28)
at com.SampleProject.AppBasicContactFormTestCase.closeBrowser(AppBasicContactFormTestCase.java:28)
at com.SampleProject.AppBasicContactFormTestCase.closeBrowser(AppBasicContactFormTestCase.java:28)
at com.SampleProject.AppBasicContactFormTestCase.closeBrowser(AppBasicContactFormTestCase.java:28)
at com.SampleProject.AppBasicContactFormTestCase.closeBrowser(AppBasicContactFormTestCase.java:28)
at com.SampleProject.AppBasicContactFormTestCase.closeBrowser(AppBasicContactFormTestCase.java:28)
at com.SampleProject.AppBasicContactFormTestCase.closeBrowser(AppBasicContactFormTestCase.java:28)
at com.SampleProject.AppBasicContactFormTestCase.closeBrowser(AppBasicContactFormTestCase.java:28)
at com.SampleProject.AppBasicContactFormTestCase.closeBrowser(AppBasicContactFormTestCase.java:28)
at com.SampleProject.AppBasicContactFormTestCase.closeBrowser(AppBasicContactFormTestCase.java:28)
at com.SampleProject.AppBasicContactFormTestCase.closeBrowser(AppBasicContactFormTestCase.java:28)
at com.SampleProject.AppBasicContactFormTestCase.closeBrowser(AppBasicContactFormTestCase.java:28)
at com.SampleProject.AppBasicContactFormTestCase.closeBrowser(AppBasicContactFormTestCase.java:28)
at com.SampleProject.AppBasicContactFormTestCase.closeBrowser(AppBasicContactFormTestCase.java:28)
at com.SampleProject.AppBasicContactFormTestCase.closeBrowser(AppBasicContactFormTestCase.java:28)
at com.SampleProject.AppBasicContactFormTestCase.closeBrowser(AppBasicContactFormTestCase.java:28)
at com.SampleProject.AppBasicContactFormTestCase.closeBrowser(AppBasicContactFormTestCase.java:28)
at com.SampleProject.AppBasicContactFormTestCase.closeBrowser(AppBasicContactFormTestCase.java:28)
at com.SampleProject.AppBasicContactFormTestCase.closeBrowser(AppBasicContactFormTestCase.java:28)
at com.SampleProject.AppBasicContactFormTestCase.closeBrowser(AppBasicContactFormTestCase.java:28)
at com.SampleProject.AppBasicContactFormTestCase.closeBrowser(AppBasicContactFormTestCase.java:28)
at com.SampleProject.AppBasicContactFormTestCase.closeBrowser(AppBasicContactFormTestCase.java:28)
at com.SampleProject.AppBasicContactFormTestCase.closeBrowser(AppBasicContactFormTestCase.java:28)
at com.SampleProject.AppBasicContactFormTestCase.closeBrowser(AppBasicContactFormTestCase.java:28)
at com.SampleProject.AppBasicContactFormTestCase.closeBrowser(AppBasicContactFormTestCase.java:28)
at com.SampleProject.AppBasicContactFormTestCase.closeBrowser(AppBasicContactFormTestCase.java:28)
at com.SampleProject.AppBasicContactFormTestCase.closeBrowser(AppBasicContactFormTestCase.java:28)
at com.SampleProject.AppBasicContactFormTestCase.closeBrowser(AppBasicContactFormTestCase.java:28)
at com.SampleProject.AppBasicContactFormTestCase.closeBrowser(AppBasicContactFormTestCase.java:28)
at com.SampleProject.AppBasicContactFormTestCase.closeBrowser(AppBasicContactFormTestCase.java:28)
at com.SampleProject.AppBasicContactFormTestCase.closeBrowser(AppBasicContactFormTestCase.java:28)
at com.SampleProject.AppBasicContactFormTestCase.closeBrowser(AppBasicContactFormTestCase.java:28)
at com.SampleProject.AppBasicContactFormTestCase.closeBrowser(AppBasicContactFormTestCase.java:28)
at com.SampleProject.AppBasicContactFormTestCase.closeBrowser(AppBasicContactFormTestCase.java:28)
at com.SampleProject.AppBasicContactFormTestCase.closeBrowser(AppBasicContactFormTestCase.java:28)
at com.SampleProject.AppBasicContactFormTestCase.closeBrowser(AppBasicContactFormTestCase.java:28)
at com.SampleProject.AppBasicContactFormTestCase.closeBrowser(AppBasicContactFormTestCase.java:28)
at com.SampleProject.AppBasicContactFormTestCase.closeBrowser(AppBasicContactFormTestCase.java:28)
at com.SampleProject.AppBasicContactFormTestCase.closeBrowser(AppBasicContactFormTestCase.java:28)
at com.SampleProject.AppBasicContactFormTestCase.closeBrowser(AppBasicContactFormTestCase.java:28)
at com.SampleProject.AppBasicContactFormTestCase.closeBrowser(AppBasicContactFormTestCase.java:28)
at com.SampleProject.AppBasicContactFormTestCase.closeBrowser(AppBasicContactFormTestCase.java:28)
at com.SampleProject.AppBasicContactFormTestCase.closeBrowser(AppBasicContactFormTestCase.java:28)
at com.SampleProject.AppBasicContactFormTestCase.closeBrowser(AppBasicContactFormTestCase.java:28)
at com.SampleProject.AppBasicContactFormTestCase.closeBrowser(AppBasicContactFormTestCase.java:28)
at com.SampleProject.AppBasicContactFormTestCase.closeBrowser(AppBasicContactFormTestCase.java:28)
at com.SampleProject.AppBasicContactFormTestCase.closeBrowser(AppBasicContactFormTestCase.java:28)
at com.SampleProject.AppBasicContactFormTestCase.closeBrowser(AppBasicContactFormTestCase.java:28)
at com.SampleProject.AppBasicContactFormTestCase.closeBrowser(AppBasicContactFormTestCase.java:28)
at com.SampleProject.AppBasicContactFormTestCase.closeBrowser(AppBasicContactFormTestCase.java:28)
at com.SampleProject.AppBasicContactFormTestCase.closeBrowser(AppBasicContactFormTestCase.java:28)
at com.SampleProject.AppBasicContactFormTestCase.closeBrowser(AppBasicContactFormTestCase.java:28)
at com.SampleProject.AppBasicContactFormTestCase.closeBrowser(AppBasicContactFormTestCase.java:28)
at com.SampleProject.AppBasicContactFormTestCase.closeBrowser(AppBasicContactFormTestCase.java:28)
at com.SampleProject.AppBasicContactFormTestCase.closeBrowser(AppBasicContactFormTestCase.java:28)
at com.SampleProject.AppBasicContactFormTestCase.closeBrowser(AppBasicContactFormTestCase.java:28)
at com.SampleProject.AppBasicContactFormTestCase.closeBrowser(AppBasicContactFormTestCase.java:28)
at com.SampleProject.AppBasicContactFormTestCase.closeBrowser(AppBasicContactFormTestCase.java:28)
at com.SampleProject.AppBasicContactFormTestCase.closeBrowser(AppBasicContactFormTestCase.java:28)
at com.SampleProject.AppBasicContactFormTestCase.closeBrowser(AppBasicContactFormTestCase.java:28)
at com.SampleProject.AppBasicContactFormTestCase.closeBrowser(AppBasicContactFormTestCase.java:28)
at com.SampleProject.AppBasicContactFormTestCase.closeBrowser(AppBasicContactFormTestCase.java:28)
at com.SampleProject.AppBasicContactFormTestCase.closeBrowser(AppBasicContactFormTestCase.java:28)
at com.SampleProject.AppBasicContactFormTestCase.closeBrowser(AppBasicContactFormTestCase.java:28)
at com.SampleProject.AppBasicContactFormTestCase.closeBrowser(AppBasicContactFormTestCase.java:28)
at com.SampleProject.AppBasicContactFormTestCase.closeBrowser(AppBasicContactFormTestCase.java:28)
at com.SampleProject.AppBasicContactFormTestCase.closeBrowser(AppBasicContactFormTestCase.java:28)
at com.SampleProject.AppBasicContactFormTestCase.closeBrowser(AppBasicContactFormTestCase.java:28)
at com.SampleProject.AppBasicContactFormTestCase.closeBrowser(AppBasicContactFormTestCase.java:28)
at com.SampleProject.AppBasicContactFormTestCase.closeBrowser(AppBasicContactFormTestCase.java:28)
at com.SampleProject.AppBasicContactFormTestCase.closeBrowser(AppBasicContactFormTestCase.java:28)
at com.SampleProject.AppBasicContactFormTestCase.closeBrowser(AppBasicContactFormTestCase.java:28)
at com.SampleProject.AppBasicContactFormTestCase.closeBrowser(AppBasicContactFormTestCase.java:28)
at com.SampleProject.AppBasicContactFormTestCase.closeBrowser(AppBasicContactFormTestCase.java:28)
at com.SampleProject.AppBasicContactFormTestCase.closeBrowser(AppBasicContactFormTestCase.java:28)
at com.SampleProject.AppBasicContactFormTestCase.closeBrowser(AppBasicContactFormTestCase.java:28)
at com.SampleProject.AppBasicContactFormTestCase.closeBrowser(AppBasicContactFormTestCase.java:28)
at com.SampleProject.AppBasicContactFormTestCase.closeBrowser(AppBasicContactFormTestCase.java:28)
at com.SampleProject.AppBasicContactFormTestCase.closeBrowser(AppBasicContactFormTestCase.java:28)
at com.SampleProject.AppBasicContactFormTestCase.closeBrowser(AppBasicContactFormTestCase.java:28)
at com.SampleProject.AppBasicContactFormTestCase.closeBrowser(AppBasicContactFormTestCase.java:28)
at com.SampleProject.AppBasicContactFormTestCase.closeBrowser(AppBasicContactFormTestCase.java:28)
at com.SampleProject.AppBasicContactFormTestCase.closeBrowser(AppBasicContactFormTestCase.java:28)
at com.SampleProject.AppBasicContactFormTestCase.closeBrowser(AppBasicContactFormTestCase.java:28)
at com.SampleProject.AppBasicContactFormTestCase.closeBrowser(AppBasicContactFormTestCase.java:28)
at com.SampleProject.AppBasicContactFormTestCase.closeBrowser(AppBasicContactFormTestCase.java:28)
at com.SampleProject.AppBasicContactFormTestCase.closeBrowser(AppBasicContactFormTestCase.java:28)
at com.SampleProject.AppBasicContactFormTestCase.closeBrowser(AppBasicContactFormTestCase.java:28)
at com.SampleProject.AppBasicContactFormTestCase.closeBrowser(AppBasicContactFormTestCase.java:28)
at com.SampleProject.AppBasicContactFormTestCase.closeBrowser(AppBasicContactFormTestCase.java:28)
at com.SampleProject.AppBasicContactFormTestCase.closeBrowser(AppBasicContactFormTestCase.java:28)
at com.SampleProject.AppBasicContactFormTestCase.closeBrowser(AppBasicContactFormTestCase.java:28)
at com.SampleProject.AppBasicContactFormTestCase.closeBrowser(AppBasicContactFormTestCase.java:28)
at com.SampleProject.AppBasicContactFormTestCase.closeBrowser(AppBasicContactFormTestCase.java:28)
at com.SampleProject.AppBasicContactFormTestCase.closeBrowser(AppBasicContactFormTestCase.java:28)
at com.SampleProject.AppBasicContactFormTestCase.closeBrowser(AppBasicContactFormTestCase.java:28)
at com.SampleProject.AppBasicContactFormTestCase.closeBrowser(AppBasicContactFormTestCase.java:28)
at com.SampleProject.AppBasicContactFormTestCase.closeBrowser(AppBasicContactFormTestCase.java:28)
at com.SampleProject.AppBasicContactFormTestCase.closeBrowser(AppBasicContactFormTestCase.java:28)
at com.SampleProject.AppBasicContactFormTestCase.closeBrowser(AppBasicContactFormTestCase.java:28)
at com.SampleProject.AppBasicContactFormTestCase.closeBrowser(AppBasicContactFormTestCase.java:28)
at com.SampleProject.AppBasicContactFormTestCase.closeBrowser(AppBasicContactFormTestCase.java:28)
at com.SampleProject.AppBasicContactFormTestCase.closeBrowser(AppBasicContactFormTestCase.java:28)
at com.SampleProject.AppBasicContactFormTestCase.closeBrowser(AppBasicContactFormTestCase.java:28)
at com.SampleProject.AppBasicContactFormTestCase.closeBrowser(AppBasicContactFormTestCase.java:28)
at com.SampleProject.AppBasicContactFormTestCase.closeBrowser(AppBasicContactFormTestCase.java:28)
at com.SampleProject.AppBasicContactFormTestCase.closeBrowser(AppBasicContactFormTestCase.java:28)
at com.SampleProject.AppBasicContactFormTestCase.closeBrowser(AppBasicContactFormTestCase.java:28)
at com.SampleProject.AppBasicContactFormTestCase.closeBrowser(AppBasicContactFormTestCase.java:28)
at com.SampleProject.AppBasicContactFormTestCase.closeBrowser(AppBasicContactFormTestCase.java:28)
at com.SampleProject.AppBasicContactFormTestCase.closeBrowser(AppBasicContactFormTestCase.java:28)
at com.SampleProject.AppBasicContactFormTestCase.closeBrowser(AppBasicContactFormTestCase.java:28)
at com.SampleProject.AppBasicContactFormTestCase.closeBrowser(AppBasicContactFormTestCase.java:28)
at com.SampleProject.AppBasicContactFormTestCase.closeBrowser(AppBasicContactFormTestCase.java:28)
at com.SampleProject.AppBasicContactFormTestCase.closeBrowser(AppBasicContactFormTestCase.java:28)
at com.SampleProject.AppBasicContactFormTestCase.closeBrowser(AppBasicContactFormTestCase.java:28)
at com.SampleProject.AppBasicContactFormTestCase.closeBrowser(AppBasicContactFormTestCase.java:28)
at com.SampleProject.AppBasicContactFormTestCase.closeBrowser(AppBasicContactFormTestCase.java:28)
at com.SampleProject.AppBasicContactFormTestCase.closeBrowser(AppBasicContactFormTestCase.java:28)
at com.SampleProject.AppBasicContactFormTestCase.closeBrowser(AppBasicContactFormTestCase.java:28)
at com.SampleProject.AppBasicContactFormTestCase.closeBrowser(AppBasicContactFormTestCase.java:28)
at com.SampleProject.AppBasicContactFormTestCase.closeBrowser(AppBasicContactFormTestCase.java:28)
at com.SampleProject.AppBasicContactFormTestCase.closeBrowser(AppBasicContactFormTestCase.java:28)
at com.SampleProject.AppBasicContactFormTestCase.closeBrowser(AppBasicContactFormTestCase.java:28)
at com.SampleProject.AppBasicContactFormTestCase.closeBrowser(AppBasicContactFormTestCase.java:28)
at com.SampleProject.AppBasicContactFormTestCase.closeBrowser(AppBasicContactFormTestCase.java:28)
at com.SampleProject.AppBasicContactFormTestCase.closeBrowser(AppBasicContactFormTestCase.java:28)
at com.SampleProject.AppBasicContactFormTestCase.closeBrowser(AppBasicContactFormTestCase.java:28)
at com.SampleProject.AppBasicContactFormTestCase.closeBrowser(AppBasicContactFormTestCase.java:28)
at com.SampleProject.AppBasicContactFormTestCase.closeBrowser(AppBasicContactFormTestCase.java:28)
at com.SampleProject.AppBasicContactFormTestCase.closeBrowser(AppBasicContactFormTestCase.java:28)
at com.SampleProject.AppBasicContactFormTestCase.closeBrowser(AppBasicContactFormTestCase.java:28)
at com.SampleProject.AppBasicContactFormTestCase.closeBrowser(AppBasicContactFormTestCase.java:28)
at com.SampleProject.AppBasicContactFormTestCase.closeBrowser(AppBasicContactFormTestCase.java:28)
at com.SampleProject.AppBasicContactFormTestCase.closeBrowser(AppBasicContactFormTestCase.java:28)
at com.SampleProject.AppBasicContactFormTestCase.closeBrowser(AppBasicContactFormTestCase.java:28)
at com.SampleProject.AppBasicContactFormTestCase.closeBrowser(AppBasicContactFormTestCase.java:28)
at com.SampleProject.AppBasicContactFormTestCase.closeBrowser(AppBasicContactFormTestCase.java:28)
at com.SampleProject.AppBasicContactFormTestCase.closeBrowser(AppBasicContactFormTestCase.java:28)
at com.SampleProject.AppBasicContactFormTestCase.closeBrowser(AppBasicContactFormTestCase.java:28)
at com.SampleProject.AppBasicContactFormTestCase.closeBrowser(AppBasicContactFormTestCase.java:28)
at com.SampleProject.AppBasicContactFormTestCase.closeBrowser(AppBasicContactFormTestCase.java:28)
at com.SampleProject.AppBasicContactFormTestCase.closeBrowser(AppBasicContactFormTestCase.java:28)
at com.SampleProject.AppBasicContactFormTestCase.closeBrowser(AppBasicContactFormTestCase.java:28)
at com.SampleProject.AppBasicContactFormTestCase.closeBrowser(AppBasicContactFormTestCase.java:28)
at com.SampleProject.AppBasicContactFormTestCase.closeBrowser(AppBasicContactFormTestCase.java:28)
at com.SampleProject.AppBasicContactFormTestCase.closeBrowser(AppBasicContactFormTestCase.java:28)
at com.SampleProject.AppBasicContactFormTestCase.closeBrowser(AppBasicContactFormTestCase.java:28)
at com.SampleProject.AppBasicContactFormTestCase.closeBrowser(AppBasicContactFormTestCase.java:28)
at com.SampleProject.AppBasicContactFormTestCase.closeBrowser(AppBasicContactFormTestCase.java:28)
at com.SampleProject.AppBasicContactFormTestCase.closeBrowser(AppBasicContactFormTestCase.java:28)
at com.SampleProject.AppBasicContactFormTestCase.closeBrowser(AppBasicContactFormTestCase.java:28)
at com.SampleProject.AppBasicContactFormTestCase.closeBrowser(AppBasicContactFormTestCase.java:28)
at com.SampleProject.AppBasicContactFormTestCase.closeBrowser(AppBasicContactFormTestCase.java:28)
at com.SampleProject.AppBasicContactFormTestCase.closeBrowser(AppBasicContactFormTestCase.java:28)
at com.SampleProject.AppBasicContactFormTestCase.closeBrowser(AppBasicContactFormTestCase.java:28)
at com.SampleProject.AppBasicContactFormTestCase.closeBrowser(AppBasicContactFormTestCase.java:28)
at com.SampleProject.AppBasicContactFormTestCase.closeBrowser(AppBasicContactFormTestCase.java:28)
at com.SampleProject.AppBasicContactFormTestCase.closeBrowser(AppBasicContactFormTestCase.java:28)
at com.SampleProject.AppBasicContactFormTestCase.closeBrowser(AppBasicContactFormTestCase.java:28)
at com.SampleProject.AppBasicContactFormTestCase.closeBrowser(AppBasicContactFormTestCase.java:28)
at com.SampleProject.AppBasicContactFormTestCase.closeBrowser(AppBasicContactFormTestCase.java:28)
at com.SampleProject.AppBasicContactFormTestCase.closeBrowser(AppBasicContactFormTestCase.java:28)
at com.SampleProject.AppBasicContactFormTestCase.closeBrowser(AppBasicContactFormTestCase.java:28)
at com.SampleProject.AppBasicContactFormTestCase.closeBrowser(AppBasicContactFormTestCase.java:28)
at com.SampleProject.AppBasicContactFormTestCase.closeBrowser(AppBasicContactFormTestCase.java:28)
at com.SampleProject.AppBasicContactFormTestCase.closeBrowser(AppBasicContactFormTestCase.java:28)
at com.SampleProject.AppBasicContactFormTestCase.closeBrowser(AppBasicContactFormTestCase.java:28)
at com.SampleProject.AppBasicContactFormTestCase.closeBrowser(AppBasicContactFormTestCase.java:28)
at com.SampleProject.AppBasicContactFormTestCase.closeBrowser(AppBasicContactFormTestCase.java:28)
at com.SampleProject.AppBasicContactFormTestCase.closeBrowser(AppBasicContactFormTestCase.java:28)
at com.SampleProject.AppBasicContactFormTestCase.closeBrowser(AppBasicContactFormTestCase.java:28)
at com.SampleProject.AppBasicContactFormTestCase.closeBrowser(AppBasicContactFormTestCase.java:28)
at com.SampleProject.AppBasicContactFormTestCase.closeBrowser(AppBasicContactFormTestCase.java:28)
at com.SampleProject.AppBasicContactFormTestCase.closeBrowser(AppBasicContactFormTestCase.java:28)
at com.SampleProject.AppBasicContactFormTestCase.closeBrowser(AppBasicContactFormTestCase.java:28)
at com.SampleProject.AppBasicContactFormTestCase.closeBrowser(AppBasicContactFormTestCase.java:28)
at com.SampleProject.AppBasicContactFormTestCase.closeBrowser(AppBasicContactFormTestCase.java:28)
at com.SampleProject.AppBasicContactFormTestCase.closeBrowser(AppBasicContactFormTestCase.java:28)
at com.SampleProject.AppBasicContactFormTestCase.closeBrowser(AppBasicContactFormTestCase.java:28)
at com.SampleProject.AppBasicContactFormTestCase.closeBrowser(AppBasicContactFormTestCase.java:28)
at com.SampleProject.AppBasicContactFormTestCase.closeBrowser(AppBasicContactFormTestCase.java:28)
at com.SampleProject.AppBasicContactFormTestCase.closeBrowser(AppBasicContactFormTestCase.java:28)
at com.SampleProject.AppBasicContactFormTestCase.closeBrowser(AppBasicContactFormTestCase.java:28)
at com.SampleProject.AppBasicContactFormTestCase.closeBrowser(AppBasicContactFormTestCase.java:28)
at com.SampleProject.AppBasicContactFormTestCase.closeBrowser(AppBasicContactFormTestCase.java:28)
at com.SampleProject.AppBasicContactFormTestCase.closeBrowser(AppBasicContactFormTestCase.java:28)
at com.SampleProject.AppBasicContactFormTestCase.closeBrowser(AppBasicContactFormTestCase.java:28)
at com.SampleProject.AppBasicContactFormTestCase.closeBrowser(AppBasicContactFormTestCase.java:28)
at com.SampleProject.AppBasicContactFormTestCase.closeBrowser(AppBasicContactFormTestCase.java:28)
at com.SampleProject.AppBasicContactFormTestCase.closeBrowser(AppBasicContactFormTestCase.java:28)
at com.SampleProject.AppBasicContactFormTestCase.closeBrowser(AppBasicContactFormTestCase.java:28)
at com.SampleProject.AppBasicContactFormTestCase.closeBrowser(AppBasicContactFormTestCase.java:28)
at com.SampleProject.AppBasicContactFormTestCase.closeBrowser(AppBasicContactFormTestCase.java:28)
at com.SampleProject.AppBasicContactFormTestCase.closeBrowser(AppBasicContactFormTestCase.java:28)
at com.SampleProject.AppBasicContactFormTestCase.closeBrowser(AppBasicContactFormTestCase.java:28)
at com.SampleProject.AppBasicContactFormTestCase.closeBrowser(AppBasicContactFormTestCase.java:28)
at com.SampleProject.AppBasicContactFormTestCase.closeBrowser(AppBasicContactFormTestCase.java:28)
at com.SampleProject.AppBasicContactFormTestCase.closeBrowser(AppBasicContactFormTestCase.java:28)
at com.SampleProject.AppBasicContactFormTestCase.closeBrowser(AppBasicContactFormTestCase.java:28)
at com.SampleProject.AppBasicContactFormTestCase.closeBrowser(AppBasicContactFormTestCase.java:28)
at com.SampleProject.AppBasicContactFormTestCase.closeBrowser(AppBasicContactFormTestCase.java:28)
at com.SampleProject.AppBasicContactFormTestCase.closeBrowser(AppBasicContactFormTestCase.java:28)
at com.SampleProject.AppBasicContactFormTestCase.closeBrowser(AppBasicContactFormTestCase.java:28)
at com.SampleProject.AppBasicContactFormTestCase.closeBrowser(AppBasicContactFormTestCase.java:28)
at com.SampleProject.AppBasicContactFormTestCase.closeBrowser(AppBasicContactFormTestCase.java:28)
at com.SampleProject.AppBasicContactFormTestCase.closeBrowser(AppBasicContactFormTestCase.java:28)
at com.SampleProject.AppBasicContactFormTestCase.closeBrowser(AppBasicContactFormTestCase.java:28)
at com.SampleProject.AppBasicContactFormTestCase.closeBrowser(AppBasicContactFormTestCase.java:28)
at com.SampleProject.AppBasicContactFormTestCase.closeBrowser(AppBasicContactFormTestCase.java:28)
at com.SampleProject.AppBasicContactFormTestCase.closeBrowser(AppBasicContactFormTestCase.java:28)
at com.SampleProject.AppBasicContactFormTestCase.closeBrowser(AppBasicContactFormTestCase.java:28)
at com.SampleProject.AppBasicContactFormTestCase.closeBrowser(AppBasicContactFormTestCase.java:28)
at com.SampleProject.AppBasicContactFormTestCase.closeBrowser(AppBasicContactFormTestCase.java:28)
at com.SampleProject.AppBasicContactFormTestCase.closeBrowser(AppBasicContactFormTestCase.java:28)
at com.SampleProject.AppBasicContactFormTestCase.closeBrowser(AppBasicContactFormTestCase.java:28)
at com.SampleProject.AppBasicContactFormTestCase.closeBrowser(AppBasicContactFormTestCase.java:28)
at com.SampleProject.AppBasicContactFormTestCase.closeBrowser(AppBasicContactFormTestCase.java:28)
at com.SampleProject.AppBasicContactFormTestCase.closeBrowser(AppBasicContactFormTestCase.java:28)
at com.SampleProject.AppBasicContactFormTestCase.closeBrowser(AppBasicContactFormTestCase.java:28)
at com.SampleProject.AppBasicContactFormTestCase.closeBrowser(AppBasicContactFormTestCase.java:28)
at com.SampleProject.AppBasicContactFormTestCase.closeBrowser(AppBasicContactFormTestCase.java:28)
at com.SampleProject.AppBasicContactFormTestCase.closeBrowser(AppBasicContactFormTestCase.java:28)
at com.SampleProject.AppBasicContactFormTestCase.closeBrowser(AppBasicContactFormTestCase.java:28)
at com.SampleProject.AppBasicContactFormTestCase.closeBrowser(AppBasicContactFormTestCase.java:28)
at com.SampleProject.AppBasicContactFormTestCase.closeBrowser(AppBasicContactFormTestCase.java:28)
at com.SampleProject.AppBasicContactFormTestCase.closeBrowser(AppBasicContactFormTestCase.java:28)
at com.SampleProject.AppBasicContactFormTestCase.closeBrowser(AppBasicContactFormTestCase.java:28)
at com.SampleProject.AppBasicContactFormTestCase.closeBrowser(AppBasicContactFormTestCase.java:28)
at com.SampleProject.AppBasicContactFormTestCase.closeBrowser(AppBasicContactFormTestCase.java:28)
at com.SampleProject.AppBasicContactFormTestCase.closeBrowser(AppBasicContactFormTestCase.java:28)
at com.SampleProject.AppBasicContactFormTestCase.closeBrowser(AppBasicContactFormTestCase.java:28)
at com.SampleProject.AppBasicContactFormTestCase.closeBrowser(AppBasicContactFormTestCase.java:28)
at com.SampleProject.AppBasicContactFormTestCase.closeBrowser(AppBasicContactFormTestCase.java:28)
at com.SampleProject.AppBasicContactFormTestCase.closeBrowser(AppBasicContactFormTestCase.java:28)
at com.SampleProject.AppBasicContactFormTestCase.closeBrowser(AppBasicContactFormTestCase.java:28)
at com.SampleProject.AppBasicContactFormTestCase.closeBrowser(AppBasicContactFormTestCase.java:28)
at com.SampleProject.AppBasicContactFormTestCase.closeBrowser(AppBasicContactFormTestCase.java:28)
at com.SampleProject.AppBasicContactFormTestCase.closeBrowser(AppBasicContactFormTestCase.java:28)
at com.SampleProject.AppBasicContactFormTestCase.closeBrowser(AppBasicContactFormTestCase.java:28)
at com.SampleProject.AppBasicContactFormTestCase.closeBrowser(AppBasicContactFormTestCase.java:28)
at com.SampleProject.AppBasicContactFormTestCase.closeBrowser(AppBasicContactFormTestCase.java:28)
at com.SampleProject.AppBasicContactFormTestCase.closeBrowser(AppBasicContactFormTestCase.java:28)
at com.SampleProject.AppBasicContactFormTestCase.closeBrowser(AppBasicContactFormTestCase.java:28)
at com.SampleProject.AppBasicContactFormTestCase.closeBrowser(AppBasicContactFormTestCase.java:28)
at com.SampleProject.AppBasicContactFormTestCase.closeBrowser(AppBasicContactFormTestCase.java:28)
at com.SampleProject.AppBasicContactFormTestCase.closeBrowser(AppBasicContactFormTestCase.java:28)
at com.SampleProject.AppBasicContactFormTestCase.closeBrowser(AppBasicContactFormTestCase.java:28)
at com.SampleProject.AppBasicContactFormTestCase.closeBrowser(AppBasicContactFormTestCase.java:28)
at com.SampleProject.AppBasicContactFormTestCase.closeBrowser(AppBasicContactFormTestCase.java:28)
at com.SampleProject.AppBasicContactFormTestCase.closeBrowser(AppBasicContactFormTestCase.java:28)
at com.SampleProject.AppBasicContactFormTestCase.closeBrowser(AppBasicContactFormTestCase.java:28)
at com.SampleProject.AppBasicContactFormTestCase.closeBrowser(AppBasicContactFormTestCase.java:28)
at com.SampleProject.AppBasicContactFormTestCase.closeBrowser(AppBasicContactFormTestCase.java:28)
at com.SampleProject.AppBasicContactFormTestCase.closeBrowser(AppBasicContactFormTestCase.java:28)
at com.SampleProject.AppBasicContactFormTestCase.closeBrowser(AppBasicContactFormTestCase.java:28)
at com.SampleProject.AppBasicContactFormTestCase.closeBrowser(AppBasicContactFormTestCase.java:28)
at com.SampleProject.AppBasicContactFormTestCase.closeBrowser(AppBasicContactFormTestCase.java:28)
at com.SampleProject.AppBasicContactFormTestCase.closeBrowser(AppBasicContactFormTestCase.java:28)
at com.SampleProject.AppBasicContactFormTestCase.closeBrowser(AppBasicContactFormTestCase.java:28)
at com.SampleProject.AppBasicContactFormTestCase.closeBrowser(AppBasicContactFormTestCase.java:28)
at com.SampleProject.AppBasicContactFormTestCase.closeBrowser(AppBasicContactFormTestCase.java:28)
at com.SampleProject.AppBasicContactFormTestCase.closeBrowser(AppBasicContactFormTestCase.java:28)
at com.SampleProject.AppBasicContactFormTestCase.closeBrowser(AppBasicContactFormTestCase.java:28)
at com.SampleProject.AppBasicContactFormTestCase.closeBrowser(AppBasicContactFormTestCase.java:28)
at com.SampleProject.AppBasicContactFormTestCase.closeBrowser(AppBasicContactFormTestCase.java:28)
at com.SampleProject.AppBasicContactFormTestCase.closeBrowser(AppBasicContactFormTestCase.java:28)
at com.SampleProject.AppBasicContactFormTestCase.closeBrowser(AppBasicContactFormTestCase.java:28)
at com.SampleProject.AppBasicContactFormTestCase.closeBrowser(AppBasicContactFormTestCase.java:28)
at com.SampleProject.AppBasicContactFormTestCase.closeBrowser(AppBasicContactFormTestCase.java:28)
at com.SampleProject.AppBasicContactFormTestCase.closeBrowser(AppBasicContactFormTestCase.java:28)
at com.SampleProject.AppBasicContactFormTestCase.closeBrowser(AppBasicContactFormTestCase.java:28)
at com.SampleProject.AppBasicContactFormTestCase.closeBrowser(AppBasicContactFormTestCase.java:28)
at com.SampleProject.AppBasicContactFormTestCase.closeBrowser(AppBasicContactFormTestCase.java:28)
at com.SampleProject.AppBasicContactFormTestCase.closeBrowser(AppBasicContactFormTestCase.java:28)
at com.SampleProject.AppBasicContactFormTestCase.closeBrowser(AppBasicContactFormTestCase.java:28)
at com.SampleProject.AppBasicContactFormTestCase.closeBrowser(AppBasicContactFormTestCase.java:28)
at com.SampleProject.AppBasicContactFormTestCase.closeBrowser(AppBasicContactFormTestCase.java:28)
at com.SampleProject.AppBasicContactFormTestCase.closeBrowser(AppBasicContactFormTestCase.java:28)
at com.SampleProject.AppBasicContactFormTestCase.closeBrowser(AppBasicContactFormTestCase.java:28)
at com.SampleProject.AppBasicContactFormTestCase.closeBrowser(AppBasicContactFormTestCase.java:28)
at com.SampleProject.AppBasicContactFormTestCase.closeBrowser(AppBasicContactFormTestCase.java:28)
at com.SampleProject.AppBasicContactFormTestCase.closeBrowser(AppBasicContactFormTestCase.java:28)
at com.SampleProject.AppBasicContactFormTestCase.closeBrowser(AppBasicContactFormTestCase.java:28)
at com.SampleProject.AppBasicContactFormTestCase.closeBrowser(AppBasicContactFormTestCase.java:28)
at com.SampleProject.AppBasicContactFormTestCase.closeBrowser(AppBasicContactFormTestCase.java:28)
at com.SampleProject.AppBasicContactFormTestCase.closeBrowser(AppBasicContactFormTestCase.java:28)
at com.SampleProject.AppBasicContactFormTestCase.closeBrowser(AppBasicContactFormTestCase.java:28)
at com.SampleProject.AppBasicContactFormTestCase.closeBrowser(AppBasicContactFormTestCase.java:28)
at com.SampleProject.AppBasicContactFormTestCase.closeBrowser(AppBasicContactFormTestCase.java:28)
at com.SampleProject.AppBasicContactFormTestCase.closeBrowser(AppBasicContactFormTestCase.java:28)
at com.SampleProject.AppBasicContactFormTestCase.closeBrowser(AppBasicContactFormTestCase.java:28)
at com.SampleProject.AppBasicContactFormTestCase.closeBrowser(AppBasicContactFormTestCase.java:28)
at com.SampleProject.AppBasicContactFormTestCase.closeBrowser(AppBasicContactFormTestCase.java:28)
at com.SampleProject.AppBasicContactFormTestCase.closeBrowser(AppBasicContactFormTestCase.java:28)
at com.SampleProject.AppBasicContactFormTestCase.closeBrowser(AppBasicContactFormTestCase.java:28)
at com.SampleProject.AppBasicContactFormTestCase.closeBrowser(AppBasicContactFormTestCase.java:28)
at com.SampleProject.AppBasicContactFormTestCase.closeBrowser(AppBasicContactFormTestCase.java:28)
at com.SampleProject.AppBasicContactFormTestCase.closeBrowser(AppBasicContactFormTestCase.java:28)
at com.SampleProject.AppBasicContactFormTestCase.closeBrowser(AppBasicContactFormTestCase.java:28)
at com.SampleProject.AppBasicContactFormTestCase.closeBrowser(AppBasicContactFormTestCase.java:28)
at com.SampleProject.AppBasicContactFormTestCase.closeBrowser(AppBasicContactFormTestCase.java:28)
at com.SampleProject.AppBasicContactFormTestCase.closeBrowser(AppBasicContactFormTestCase.java:28)
at com.SampleProject.AppBasicContactFormTestCase.closeBrowser(AppBasicContactFormTestCase.java:28)
at com.SampleProject.AppBasicContactFormTestCase.closeBrowser(AppBasicContactFormTestCase.java:28)
at com.SampleProject.AppBasicContactFormTestCase.closeBrowser(AppBasicContactFormTestCase.java:28)
at com.SampleProject.AppBasicContactFormTestCase.closeBrowser(AppBasicContactFormTestCase.java:28)
at com.SampleProject.AppBasicContactFormTestCase.closeBrowser(AppBasicContactFormTestCase.java:28)
at com.SampleProject.AppBasicContactFormTestCase.closeBrowser(AppBasicContactFormTestCase.java:28)
at com.SampleProject.AppBasicContactFormTestCase.closeBrowser(AppBasicContactFormTestCase.java:28)
at com.SampleProject.AppBasicContactFormTestCase.closeBrowser(AppBasicContactFormTestCase.java:28)
at com.SampleProject.AppBasicContactFormTestCase.closeBrowser(AppBasicContactFormTestCase.java:28)
at com.SampleProject.AppBasicContactFormTestCase.closeBrowser(AppBasicContactFormTestCase.java:28)
at com.SampleProject.AppBasicContactFormTestCase.closeBrowser(AppBasicContactFormTestCase.java:28)
at com.SampleProject.AppBasicContactFormTestCase.closeBrowser(AppBasicContactFormTestCase.java:28)
at com.SampleProject.AppBasicContactFormTestCase.closeBrowser(AppBasicContactFormTestCase.java:28)
at com.SampleProject.AppBasicContactFormTestCase.closeBrowser(AppBasicContactFormTestCase.java:28)
at com.SampleProject.AppBasicContactFormTestCase.closeBrowser(AppBasicContactFormTestCase.java:28)
at com.SampleProject.AppBasicContactFormTestCase.closeBrowser(AppBasicContactFormTestCase.java:28)
at com.SampleProject.AppBasicContactFormTestCase.closeBrowser(AppBasicContactFormTestCase.java:28)
at com.SampleProject.AppBasicContactFormTestCase.closeBrowser(AppBasicContactFormTestCase.java:28)
at com.SampleProject.AppBasicContactFormTestCase.closeBrowser(AppBasicContactFormTestCase.java:28)
at com.SampleProject.AppBasicContactFormTestCase.closeBrowser(AppBasicContactFormTestCase.java:28)
at com.SampleProject.AppBasicContactFormTestCase.closeBrowser(AppBasicContactFormTestCase.java:28)
at com.SampleProject.AppBasicContactFormTestCase.closeBrowser(AppBasicContactFormTestCase.java:28)
at com.SampleProject.AppBasicContactFormTestCase.closeBrowser(AppBasicContactFormTestCase.java:28)
at com.SampleProject.AppBasicContactFormTestCase.closeBrowser(AppBasicContactFormTestCase.java:28)
at com.SampleProject.AppBasicContactFormTestCase.closeBrowser(AppBasicContactFormTestCase.java:28)
at com.SampleProject.AppBasicContactFormTestCase.closeBrowser(AppBasicContactFormTestCase.java:28)
at com.SampleProject.AppBasicContactFormTestCase.closeBrowser(AppBasicContactFormTestCase.java:28)
[...]
at com.SampleProject.AppBasicContactFormTestCase.closeBrowser(AppBasicContactFormTestCase.java:28)
at com.SampleProject.AppBasicContactFormTestCase.closeBrowser(AppBasicContactFormTestCase.java:28)
at com.SampleProject.AppBasicContactFormTestCase.closeBrowser(AppBasicContactFormTestCase.java:28)
at com.SampleProject.AppBasicContactFormTestCase.closeBrowser(AppBasicContactFormTestCase.java:28)
at com.SampleProject.AppBasicContactFormTestCase.closeBrowser(AppBasicContactFormTestCase.java:28)
at com.SampleProject.AppBasicContactFormTestCase.closeBrowser(AppBasicContactFormTestCase.java:28)
at com.SampleProject.AppBasicContactFormTestCase.closeBrowser(AppBasicContactFormTestCase.java:28)
at com.SampleProject.AppBasicContactFormTestCase.closeBrowser(AppBasicContactFormTestCase.java:28)
at com.SampleProject.AppBasicContactFormTestCase.closeBrowser(AppBasicContactFormTestCase.java:28)
at com.SampleProject.AppBasicContactFormTestCase.closeBrowser(AppBasicContactFormTestCase.java:28)
at com.SampleProject.AppBasicContactFormTestCase.closeBrowser(AppBasicContactFormTestCase.java:28)
at com.SampleProject.AppBasicContactFormTestCase.closeBrowser(AppBasicContactFormTestCase.java:28)
at com.SampleProject.AppBasicContactFormTestCase.closeBrowser(AppBasicContactFormTestCase.java:28)
at com.SampleProject.AppBasicContactFormTestCase.closeBrowser(AppBasicContactFormTestCase.java:28)
at com.SampleProject.AppBasicContactFormTestCase.closeBrowser(AppBasicContactFormTestCase.java:28)
at com.SampleProject.AppBasicContactFormTestCase.closeBrowser(AppBasicContactFormTestCase.java:28)
at com.SampleProject.AppBasicContactFormTestCase.closeBrowser(AppBasicContactFormTestCase.java:28)
at com.SampleProject.AppBasicContactFormTestCase.closeBrowser(AppBasicContactFormTestCase.java:28)
at com.SampleProject.AppBasicContactFormTestCase.closeBrowser(AppBasicContactFormTestCase.java:28)
at com.SampleProject.AppBasicContactFormTestCase.closeBrowser(AppBasicContactFormTestCase.java:28)
at com.SampleProject.AppBasicContactFormTestCase.closeBrowser(AppBasicContactFormTestCase.java:28)
at com.SampleProject.AppBasicContactFormTestCase.closeBrowser(AppBasicContactFormTestCase.java:28)
at com.SampleProject.AppBasicContactFormTestCase.closeBrowser(AppBasicContactFormTestCase.java:28)
at com.SampleProject.AppBasicContactFormTestCase.closeBrowser(AppBasicContactFormTestCase.java:28)
at com.SampleProject.AppBasicContactFormTestCase.closeBrowser(AppBasicContactFormTestCase.java:28)
at com.SampleProject.AppBasicContactFormTestCase.closeBrowser(AppBasicContactFormTestCase.java:28)
at com.SampleProject.AppBasicContactFormTestCase.closeBrowser(AppBasicContactFormTestCase.java:28)
at com.SampleProject.AppBasicContactFormTestCase.closeBrowser(AppBasicContactFormTestCase.java:28)
at com.SampleProject.AppBasicContactFormTestCase.closeBrowser(AppBasicContactFormTestCase.java:28)
at com.SampleProject.AppBasicContactFormTestCase.closeBrowser(AppBasicContactFormTestCase.java:28)
at com.SampleProject.AppBasicContactFormTestCase.closeBrowser(AppBasicContactFormTestCase.java:28)
at com.SampleProject.AppBasicContactFormTestCase.closeBrowser(AppBasicContactFormTestCase.java:28)
at com.SampleProject.AppBasicContactFormTestCase.closeBrowser(AppBasicContactFormTestCase.java:28)
at com.SampleProject.AppBasicContactFormTestCase.closeBrowser(AppBasicContactFormTestCase.java:28)
at com.SampleProject.AppBasicContactFormTestCase.closeBrowser(AppBasicContactFormTestCase.java:28)
at com.SampleProject.AppBasicContactFormTestCase.closeBrowser(AppBasicContactFormTestCase.java:28)
at com.SampleProject.AppBasicContactFormTestCase.closeBrowser(AppBasicContactFormTestCase.java:28)
at com.SampleProject.AppBasicContactFormTestCase.closeBrowser(AppBasicContactFormTestCase.java:28)
at com.SampleProject.AppBasicContactFormTestCase.closeBrowser(AppBasicContactFormTestCase.java:28)
at com.SampleProject.AppBasicContactFormTestCase.closeBrowser(AppBasicContactFormTestCase.java:28)
at com.SampleProject.AppBasicContactFormTestCase.closeBrowser(AppBasicContactFormTestCase.java:28)
at com.SampleProject.AppBasicContactFormTestCase.closeBrowser(AppBasicContactFormTestCase.java:28)
at com.SampleProject.AppBasicContactFormTestCase.closeBrowser(AppBasicContactFormTestCase.java:28)
at com.SampleProject.AppBasicContactFormTestCase.closeBrowser(AppBasicContactFormTestCase.java:28)
at com.SampleProject.AppBasicContactFormTestCase.closeBrowser(AppBasicContactFormTestCase.java:28)
at com.SampleProject.AppBasicContactFormTestCase.closeBrowser(AppBasicContactFormTestCase.java:28)
at com.SampleProject.AppBasicContactFormTestCase.closeBrowser(AppBasicContactFormTestCase.java:28)
at com.SampleProject.AppBasicContactFormTestCase.closeBrowser(AppBasicContactFormTestCase.java:28)
at com.SampleProject.AppBasicContactFormTestCase.closeBrowser(AppBasicContactFormTestCase.java:28)
at com.SampleProject.AppBasicContactFormTestCase.closeBrowser(AppBasicContactFormTestCase.java:28)
at com.SampleProject.AppBasicContactFormTestCase.closeBrowser(AppBasicContactFormTestCase.java:28)
at com.SampleProject.AppBasicContactFormTestCase.closeBrowser(AppBasicContactFormTestCase.java:28)
at com.SampleProject.AppBasicContactFormTestCase.closeBrowser(AppBasicContactFormTestCase.java:28)
at com.SampleProject.AppBasicContactFormTestCase.closeBrowser(AppBasicContactFormTestCase.java:28)
at com.SampleProject.AppBasicContactFormTestCase.closeBrowser(AppBasicContactFormTestCase.java:28)
at com.SampleProject.AppBasicContactFormTestCase.closeBrowser(AppBasicContactFormTestCase.java:28)
at com.SampleProject.AppBasicContactFormTestCase.closeBrowser(AppBasicContactFormTestCase.java:28)
at com.SampleProject.AppBasicContactFormTestCase.closeBrowser(AppBasicContactFormTestCase.java:28)
at com.SampleProject.AppBasicContactFormTestCase.closeBrowser(AppBasicContactFormTestCase.java:28)
at com.SampleProject.AppBasicContactFormTestCase.closeBrowser(AppBasicContactFormTestCase.java:28)
at com.SampleProject.AppBasicContactFormTestCase.closeBrowser(AppBasicContactFormTestCase.java:28)
at com.SampleProject.AppBasicContactFormTestCase.closeBrowser(AppBasicContactFormTestCase.java:28)
at com.SampleProject.AppBasicContactFormTestCase.closeBrowser(AppBasicContactFormTestCase.java:28)
at com.SampleProject.AppBasicContactFormTestCase.closeBrowser(AppBasicContactFormTestCase.java:28)
at com.SampleProject.AppBasicContactFormTestCase.closeBrowser(AppBasicContactFormTestCase.java:28)
at com.SampleProject.AppBasicContactFormTestCase.closeBrowser(AppBasicContactFormTestCase.java:28)
at com.SampleProject.AppBasicContactFormTestCase.closeBrowser(AppBasicContactFormTestCase.java:28)
at com.SampleProject.AppBasicContactFormTestCase.closeBrowser(AppBasicContactFormTestCase.java:28)
at com.SampleProject.AppBasicContactFormTestCase.closeBrowser(AppBasicContactFormTestCase.java:28)
at com.SampleProject.AppBasicContactFormTestCase.closeBrowser(AppBasicContactFormTestCase.java:28)
at com.SampleProject.AppBasicContactFormTestCase.closeBrowser(AppBasicContactFormTestCase.java:28)
at com.SampleProject.AppBasicContactFormTestCase.closeBrowser(AppBasicContactFormTestCase.java:28)
at com.SampleProject.AppBasicContactFormTestCase.closeBrowser(AppBasicContactFormTestCase.java:28)
at com.SampleProject.AppBasicContactFormTestCase.closeBrowser(AppBasicContactFormTestCase.java:28)
at com.SampleProject.AppBasicContactFormTestCase.closeBrowser(AppBasicContactFormTestCase.java:28)
at com.SampleProject.AppBasicContactFormTestCase.closeBrowser(AppBasicContactFormTestCase.java:28)
at com.SampleProject.AppBasicContactFormTestCase.closeBrowser(AppBasicContactFormTestCase.java:28)
at com.SampleProject.AppBasicContactFormTestCase.closeBrowser(AppBasicContactFormTestCase.java:28)
at com.SampleProject.AppBasicContactFormTestCase.closeBrowser(AppBasicContactFormTestCase.java:28)
at com.SampleProject.AppBasicContactFormTestCase.closeBrowser(AppBasicContactFormTestCase.java:28)
at com.SampleProject.AppBasicContactFormTestCase.closeBrowser(AppBasicContactFormTestCase.java:28)
at com.SampleProject.AppBasicContactFormTestCase.closeBrowser(AppBasicContactFormTestCase.java:28)
at com.SampleProject.AppBasicContactFormTestCase.closeBrowser(AppBasicContactFormTestCase.java:28)
at com.SampleProject.AppBasicContactFormTestCase.closeBrowser(AppBasicContactFormTestCase.java:28)
at com.SampleProject.AppBasicContactFormTestCase.closeBrowser(AppBasicContactFormTestCase.java:28)
at com.SampleProject.AppBasicContactFormTestCase.closeBrowser(AppBasicContactFormTestCase.java:28)
at com.SampleProject.AppBasicContactFormTestCase.closeBrowser(AppBasicContactFormTestCase.java:28)
at com.SampleProject.AppBasicContactFormTestCase.closeBrowser(AppBasicContactFormTestCase.java:28)
at com.SampleProject.AppBasicContactFormTestCase.closeBrowser(AppBasicContactFormTestCase.java:28)
at com.SampleProject.AppBasicContactFormTestCase.closeBrowser(AppBasicContactFormTestCase.java:28)
at com.SampleProject.AppBasicContactFormTestCase.closeBrowser(AppBasicContactFormTestCase.java:28)
at com.SampleProject.AppBasicContactFormTestCase.closeBrowser(AppBasicContactFormTestCase.java:28)
at com.SampleProject.AppBasicContactFormTestCase.closeBrowser(AppBasicContactFormTestCase.java:28)
at com.SampleProject.AppBasicContactFormTestCase.closeBrowser(AppBasicContactFormTestCase.java:28)
at com.SampleProject.AppBasicContactFormTestCase.closeBrowser(AppBasicContactFormTestCase.java:28)
at com.SampleProject.AppBasicContactFormTestCase.closeBrowser(AppBasicContactFormTestCase.java:28)
at com.SampleProject.AppBasicContactFormTestCase.closeBrowser(AppBasicContactFormTestCase.java:28)
at com.SampleProject.AppBasicContactFormTestCase.closeBrowser(AppBasicContactFormTestCase.java:28)
at com.SampleProject.AppBasicContactFormTestCase.closeBrowser(AppBasicContactFormTestCase.java:28)
at com.SampleProject.AppBasicContactFormTestCase.closeBrowser(AppBasicContactFormTestCase.java:28)
at com.SampleProject.AppBasicContactFormTestCase.closeBrowser(AppBasicContactFormTestCase.java:28)
at com.SampleProject.AppBasicContactFormTestCase.closeBrowser(AppBasicContactFormTestCase.java:28)
at com.SampleProject.AppBasicContactFormTestCase.closeBrowser(AppBasicContactFormTestCase.java:28)
at com.SampleProject.AppBasicContactFormTestCase.closeBrowser(AppBasicContactFormTestCase.java:28)
at com.SampleProject.AppBasicContactFormTestCase.closeBrowser(AppBasicContactFormTestCase.java:28)
at com.SampleProject.AppBasicContactFormTestCase.closeBrowser(AppBasicContactFormTestCase.java:28)
at com.SampleProject.AppBasicContactFormTestCase.closeBrowser(AppBasicContactFormTestCase.java:28)
at com.SampleProject.AppBasicContactFormTestCase.closeBrowser(AppBasicContactFormTestCase.java:28)
at com.SampleProject.AppBasicContactFormTestCase.closeBrowser(AppBasicContactFormTestCase.java:28)
at com.SampleProject.AppBasicContactFormTestCase.closeBrowser(AppBasicContactFormTestCase.java:28)
at com.SampleProject.AppBasicContactFormTestCase.closeBrowser(AppBasicContactFormTestCase.java:28)
at com.SampleProject.AppBasicContactFormTestCase.closeBrowser(AppBasicContactFormTestCase.java:28)
at com.SampleProject.AppBasicContactFormTestCase.closeBrowser(AppBasicContactFormTestCase.java:28)
at com.SampleProject.AppBasicContactFormTestCase.closeBrowser(AppBasicContactFormTestCase.java:28)
at com.SampleProject.AppBasicContactFormTestCase.closeBrowser(AppBasicContactFormTestCase.java:28)
at com.SampleProject.AppBasicContactFormTestCase.closeBrowser(AppBasicContactFormTestCase.java:28)
at com.SampleProject.AppBasicContactFormTestCase.closeBrowser(AppBasicContactFormTestCase.java:28)
at com.SampleProject.AppBasicContactFormTestCase.closeBrowser(AppBasicContactFormTestCase.java:28)
at com.SampleProject.AppBasicContactFormTestCase.closeBrowser(AppBasicContactFormTestCase.java:28)
at com.SampleProject.AppBasicContactFormTestCase.closeBrowser(AppBasicContactFormTestCase.java:28)
at com.SampleProject.AppBasicContactFormTestCase.closeBrowser(AppBasicContactFormTestCase.java:28)
at com.SampleProject.AppBasicContactFormTestCase.closeBrowser(AppBasicContactFormTestCase.java:28)
at com.SampleProject.AppBasicContactFormTestCase.closeBrowser(AppBasicContactFormTestCase.java:28)
at com.SampleProject.AppBasicContactFormTestCase.closeBrowser(AppBasicContactFormTestCase.java:28)
at com.SampleProject.AppBasicContactFormTestCase.closeBrowser(AppBasicContactFormTestCase.java:28)
at com.SampleProject.AppBasicContactFormTestCase.closeBrowser(AppBasicContactFormTestCase.java:28)
at com.SampleProject.AppBasicContactFormTestCase.closeBrowser(AppBasicContactFormTestCase.java:28)
at com.SampleProject.AppBasicContactFormTestCase.closeBrowser(AppBasicContactFormTestCase.java:28)
at com.SampleProject.AppBasicContactFormTestCase.closeBrowser(AppBasicContactFormTestCase.java:28)
at com.SampleProject.AppBasicContactFormTestCase.closeBrowser(AppBasicContactFormTestCase.java:28)
at com.SampleProject.AppBasicContactFormTestCase.closeBrowser(AppBasicContactFormTestCase.java:28)
at com.SampleProject.AppBasicContactFormTestCase.closeBrowser(AppBasicContactFormTestCase.java:28)
at com.SampleProject.AppBasicContactFormTestCase.closeBrowser(AppBasicContactFormTestCase.java:28)
at com.SampleProject.AppBasicContactFormTestCase.closeBrowser(AppBasicContactFormTestCase.java:28)
at com.SampleProject.AppBasicContactFormTestCase.closeBrowser(AppBasicContactFormTestCase.java:28)
at com.SampleProject.AppBasicContactFormTestCase.closeBrowser(AppBasicContactFormTestCase.java:28)
at com.SampleProject.AppBasicContactFormTestCase.closeBrowser(AppBasicContactFormTestCase.java:28)
at com.SampleProject.AppBasicContactFormTestCase.closeBrowser(AppBasicContactFormTestCase.java:28)
at com.SampleProject.AppBasicContactFormTestCase.closeBrowser(AppBasicContactFormTestCase.java:28)
at com.SampleProject.AppBasicContactFormTestCase.closeBrowser(AppBasicContactFormTestCase.java:28)
at com.SampleProject.AppBasicContactFormTestCase.closeBrowser(AppBasicContactFormTestCase.java:28)
at com.SampleProject.AppBasicContactFormTestCase.closeBrowser(AppBasicContactFormTestCase.java:28)
at com.SampleProject.AppBasicContactFormTestCase.closeBrowser(AppBasicContactFormTestCase.java:28)
at com.SampleProject.AppBasicContactFormTestCase.closeBrowser(AppBasicContactFormTestCase.java:28)
at com.SampleProject.AppBasicContactFormTestCase.closeBrowser(AppBasicContactFormTestCase.java:28)
at com.SampleProject.AppBasicContactFormTestCase.closeBrowser(AppBasicContactFormTestCase.java:28)
at com.SampleProject.AppBasicContactFormTestCase.closeBrowser(AppBasicContactFormTestCase.java:28)
at com.SampleProject.AppBasicContactFormTestCase.closeBrowser(AppBasicContactFormTestCase.java:28)
at com.SampleProject.AppBasicContactFormTestCase.closeBrowser(AppBasicContactFormTestCase.java:28)
at com.SampleProject.AppBasicContactFormTestCase.closeBrowser(AppBasicContactFormTestCase.java:28)
at com.SampleProject.AppBasicContactFormTestCase.closeBrowser(AppBasicContactFormTestCase.java:28)
at com.SampleProject.AppBasicContactFormTestCase.closeBrowser(AppBasicContactFormTestCase.java:28)
at com.SampleProject.AppBasicContactFormTestCase.closeBrowser(AppBasicContactFormTestCase.java:28)
at com.SampleProject.AppBasicContactFormTestCase.closeBrowser(AppBasicContactFormTestCase.java:28)
at com.SampleProject.AppBasicContactFormTestCase.closeBrowser(AppBasicContactFormTestCase.java:28)
at com.SampleProject.AppBasicContactFormTestCase.closeBrowser(AppBasicContactFormTestCase.java:28)
at com.SampleProject.AppBasicContactFormTestCase.closeBrowser(AppBasicContactFormTestCase.java:28)
at com.SampleProject.AppBasicContactFormTestCase.closeBrowser(AppBasicContactFormTestCase.java:28)
at com.SampleProject.AppBasicContactFormTestCase.closeBrowser(AppBasicContactFormTestCase.java:28)
at com.SampleProject.AppBasicContactFormTestCase.closeBrowser(AppBasicContactFormTestCase.java:28)
at com.SampleProject.AppBasicContactFormTestCase.closeBrowser(AppBasicContactFormTestCase.java:28)
at com.SampleProject.AppBasicContactFormTestCase.closeBrowser(AppBasicContactFormTestCase.java:28)
at com.SampleProject.AppBasicContactFormTestCase.closeBrowser(AppBasicContactFormTestCase.java:28)
at com.SampleProject.AppBasicContactFormTestCase.closeBrowser(AppBasicContactFormTestCase.java:28)
at com.SampleProject.AppBasicContactFormTestCase.closeBrowser(AppBasicContactFormTestCase.java:28)
at com.SampleProject.AppBasicContactFormTestCase.closeBrowser(AppBasicContactFormTestCase.java:28)
at com.SampleProject.AppBasicContactFormTestCase.closeBrowser(AppBasicContactFormTestCase.java:28)
at com.SampleProject.AppBasicContactFormTestCase.closeBrowser(AppBasicContactFormTestCase.java:28)
at com.SampleProject.AppBasicContactFormTestCase.closeBrowser(AppBasicContactFormTestCase.java:28)
at com.SampleProject.AppBasicContactFormTestCase.closeBrowser(AppBasicContactFormTestCase.java:28)
at com.SampleProject.AppBasicContactFormTestCase.closeBrowser(AppBasicContactFormTestCase.java:28)
at com.SampleProject.AppBasicContactFormTestCase.closeBrowser(AppBasicContactFormTestCase.java:28)
at com.SampleProject.AppBasicContactFormTestCase.closeBrowser(AppBasicContactFormTestCase.java:28)
at com.SampleProject.AppBasicContactFormTestCase.closeBrowser(AppBasicContactFormTestCase.java:28)
]]>
    </failure>
  </testcase> <!-- @AfterTest closeBrowser -->
  <testcase classname="com.SampleProject.AppBasicContactFormTestCase" name="f" time="7.888">
    <failure type="java.lang.IllegalArgumentException" message="Cannot find elements when name text is null.">
      <![CDATA[java.lang.IllegalArgumentException: Cannot find elements when name text is null.
at org.openqa.selenium.By$ByName.<init>(By.java:267)
at org.openqa.selenium.By.name(By.java:76)
at com.myApp.utility.CommonUtils.insertText(CommonUtils.java:118)
at com.TestCases.BasicContactFormServices.insertyourname(BasicContactFormServices.java:46)
at com.SampleProject.AppBasicContactFormTestCase.f(AppBasicContactFormTestCase.java:17)
at java.base/jdk.internal.reflect.NativeMethodAccessorImpl.invoke0(Native Method)
at java.base/jdk.internal.reflect.NativeMethodAccessorImpl.invoke(NativeMethodAccessorImpl.java:62)
at java.base/jdk.internal.reflect.DelegatingMethodAccessorImpl.invoke(DelegatingMethodAccessorImpl.java:43)
at java.base/java.lang.reflect.Method.invoke(Method.java:564)
at org.testng.internal.MethodInvocationHelper.invokeMethod(MethodInvocationHelper.java:132)
at org.testng.internal.TestInvoker.invokeMethod(TestInvoker.java:599)
at org.testng.internal.TestInvoker.invokeTestMethod(TestInvoker.java:174)
at org.testng.internal.MethodRunner.runInSequence(MethodRunner.java:46)
at org.testng.internal.TestInvoker$MethodInvocationAgent.invoke(TestInvoker.java:822)
at org.testng.internal.TestInvoker.invokeTestMethods(TestInvoker.java:147)
at org.testng.internal.TestMethodWorker.invokeTestMethods(TestMethodWorker.java:146)
at org.testng.internal.TestMethodWorker.run(TestMethodWorker.java:128)
at java.base/java.util.ArrayList.forEach(ArrayList.java:1511)
at org.testng.TestRunner.privateRun(TestRunner.java:764)
at org.testng.TestRunner.run(TestRunner.java:585)
at org.testng.SuiteRunner.runTest(SuiteRunner.java:384)
at org.testng.SuiteRunner.runSequentially(SuiteRunner.java:378)
at org.testng.SuiteRunner.privateRun(SuiteRunner.java:337)
at org.testng.SuiteRunner.run(SuiteRunner.java:286)
at org.testng.SuiteRunnerWorker.runSuite(SuiteRunnerWorker.java:53)
at org.testng.SuiteRunnerWorker.run(SuiteRunnerWorker.java:96)
at org.testng.TestNG.runSuitesSequentially(TestNG.java:1218)
at org.testng.TestNG.runSuitesLocally(TestNG.java:1140)
at org.testng.TestNG.runSuites(TestNG.java:1069)
at org.testng.TestNG.run(TestNG.java:1037)
at org.testng.remote.AbstractRemoteTestNG.run(AbstractRemoteTestNG.java:115)
at org.testng.remote.RemoteTestNG.initAndRun(RemoteTestNG.java:251)
at org.testng.remote.RemoteTestNG.main(RemoteTestNG.java:77)
]]>
    </failure>
  </testcase> <!-- f -->
</testsuite> <!-- Default test -->
