<?xml version="1.0" encoding="UTF-8"?>
<!-- Generated by org.testng.reporters.JUnitXMLReporter -->
<testsuite ignored="0" hostname="LAPTOP-6OACLVLF" failures="1" tests="1" name="Test" time="0.128" errors="0" timestamp="2021-03-17T18:47:41 IST">
  <testcase classname="com.SampleProject.AppLoginTest" name="shouldAnswerWithTrue" time="0.025">
    <failure type="java.lang.NullPointerException" message="Cannot invoke &amp;quot;java.util.Properties.getProperty(String)&amp;quot; because &amp;quot;this.prop&amp;quot; is null">
      <![CDATA[java.lang.NullPointerException: Cannot invoke "java.util.Properties.getProperty(String)" because "this.prop" is null
at com.Project.Utilities.Objectrep.getbrowsername(Objectrep.java:37)
at com.SampleProject.AppServices.launchbrowser(AppServices.java:12)
at com.SampleProject.AppLoginTest.shouldAnswerWithTrue(AppLoginTest.java:24)
at java.base/java.util.ArrayList.forEach(ArrayList.java:1511)
... Removed 27 stack frames]]>
    </failure>
  </testcase> <!-- shouldAnswerWithTrue -->
</testsuite> <!-- Test -->
